Time , 13:39:43,  [Data], 	Inputs:106.701 2.02668 2.04631 51.1526 	Outputs:0 0 0 0 
Time , 13:40:18,  [Data], 	Inputs:106.701 2.02668 2.04631 51.1526 	Outputs:0 0 0 0 
Time , 13:40:20,  [Data], 	Inputs:106.701 2.02668 2.04631 51.1526 	Outputs:0 0 0 0 
Time , 13:40:22,  [Data], 	Inputs:106.701 2.02668 2.04631 51.1526 	Outputs:0 0 0 0 
Time , 13:40:24,  [Data], 	Inputs:106.701 2.02668 2.04631 51.1526 	Outputs:0 0 0 0 
Time , 13:40:26,  [Data], 	Inputs:106.701 2.02668 2.04631 51.1526 	Outputs:0 0 0 0 
Time , 13:40:28,  [Data], 	Inputs:106.701 2.02668 2.04631 51.1526 	Outputs:0 0 0 0 
Time , 13:40:30,  [Data], 	Inputs:106.701 2.02668 2.04631 51.1526 	Outputs:0 0 0 0 
Time , 13:40:32,  [Data], 	Inputs:106.701 2.02668 2.04631 51.1526 	Outputs:0 0 0 0 
Time , 13:40:34,  [Data], 	Inputs:106.701 2.02668 2.04631 51.1526 	Outputs:0 0 0 0 
Time , 13:40:36,  [Data], 	Inputs:106.701 2.02668 2.04631 51.1526 	Outputs:0 0 0 0 
Time , 13:40:38,  [Data], 	Inputs:106.701 2.02668 2.04631 51.1526 	Outputs:0 0 0 0 
Time , 13:40:40,  [Data], 	Inputs:106.701 2.02668 2.04631 51.1526 	Outputs:0 0 0 0 
Time , 13:40:42,  [Data], 	Inputs:106.701 2.02668 2.04631 51.1526 	Outputs:0 0 0 0 
Time , 13:40:44,  [Data], 	Inputs:106.701 2.02668 2.04631 51.1526 	Outputs:0 0 0 0 
Time , 13:40:46,  [Data], 	Inputs:106.701 2.02668 2.04631 51.1526 	Outputs:0 0 0 0 
Time , 13:40:48,  [Data], 	Inputs:106.701 2.02668 2.04631 51.1526 	Outputs:0 0 0 0 
Time , 13:40:50,  [Data], 	Inputs:106.701 2.02668 2.04631 51.1526 	Outputs:0 0 0 0 
Time , 13:40:52,  [Data], 	Inputs:106.701 2.02668 2.04631 51.1526 	Outputs:0 0 0 0 
Time , 13:40:54,  [Data], 	Inputs:106.701 2.02668 2.04631 51.1526 	Outputs:0 0 0 0 
Time , 13:40:56,  [Data], 	Inputs:106.701 2.02668 2.04631 51.1526 	Outputs:0 0 0 0 
Time , 13:40:58,  [Data], 	Inputs:106.701 2.02668 2.04631 51.1526 	Outputs:0 0 0 0 
Time , 13:41:00,  [Data], 	Inputs:106.701 2.02668 2.04631 51.1526 	Outputs:0 0 0 0 
Time , 13:41:02,  [Data], 	Inputs:106.701 2.02668 2.04631 51.1526 	Outputs:0 0 0 0 
Time , 13:41:04,  [Data], 	Inputs:106.701 2.02668 2.04631 51.1526 	Outputs:0 0 0 0 
Time , 13:41:06,  [Data], 	Inputs:106.701 2.02668 2.04631 51.1526 	Outputs:0 0 0 0 
Time , 13:41:08,  [Data], 	Inputs:106.701 2.02668 2.04631 51.1526 	Outputs:0 0 0 0 
Time , 13:41:10,  [Data], 	Inputs:106.701 2.02668 2.04631 51.1526 	Outputs:0 0 0 0 
Time , 13:41:12,  [Data], 	Inputs:106.701 2.02668 2.04631 51.1526 	Outputs:0 0 0 0 
Time , 13:41:14,  [Data], 	Inputs:106.701 2.02668 2.04631 51.1526 	Outputs:0 0 0 0 
Time , 13:41:16,  [Data], 	Inputs:106.701 2.02668 2.04631 51.1526 	Outputs:0 0 0 0 
Time , 13:41:18,  [Data], 	Inputs:106.701 2.02668 2.04631 51.1526 	Outputs:0 0 0 0 
Time , 13:41:20,  [Data], 	Inputs:106.701 2.02668 2.04631 51.1526 	Outputs:0 0 0 0 
Time , 13:41:22,  [Data], 	Inputs:106.701 2.02668 2.04631 51.1526 	Outputs:0 0 0 0 
Time , 13:41:24,  [Data], 	Inputs:106.701 2.02668 2.04631 51.1526 	Outputs:0 0 0 0 
Time , 13:41:26,  [Data], 	Inputs:106.701 2.02668 2.04631 51.1526 	Outputs:0 0 0 0 
Time , 13:41:28,  [Data], 	Inputs:106.701 2.02668 2.04631 51.1526 	Outputs:0 0 0 0 
Time , 13:41:30,  [Data], 	Inputs:106.701 2.02668 2.04631 51.1526 	Outputs:0 0 0 0 
Time , 13:41:32,  [Data], 	Inputs:106.701 2.02668 2.04631 51.1526 	Outputs:0 0 0 0 
Time , 13:41:34,  [Data], 	Inputs:106.701 2.02668 2.04631 51.1526 	Outputs:0 0 0 0 
Time , 13:41:36,  [Data], 	Inputs:106.701 2.02668 2.04631 51.1526 	Outputs:0 0 0 0 
Time , 13:41:38,  [Data], 	Inputs:106.701 2.02668 2.04631 51.1526 	Outputs:0 0 0 0 
Time , 13:41:40,  [Data], 	Inputs:106.701 2.02668 2.04631 51.1526 	Outputs:0 0 0 0 
Time , 13:41:42,  [Data], 	Inputs:106.701 2.02668 2.04631 51.1526 	Outputs:0 0 0 0 
Time , 13:41:44,  [Data], 	Inputs:106.701 2.02668 2.04631 51.1526 	Outputs:0 0 0 0 
Time , 13:41:46,  [Data], 	Inputs:106.701 2.02668 2.04631 51.1526 	Outputs:0 0 0 0 
Time , 13:41:48,  [Data], 	Inputs:106.701 2.02668 2.04631 51.1526 	Outputs:0 0 0 0 
Time , 13:41:50,  [Data], 	Inputs:106.701 2.02668 2.04631 51.1526 	Outputs:0 0 0 0 
Time , 13:41:52,  [Data], 	Inputs:106.701 2.02668 2.04631 51.1526 	Outputs:0 0 0 0 
Time , 13:41:54,  [Data], 	Inputs:106.701 2.02668 2.04631 51.1526 	Outputs:0 0 0 0 
Time , 13:41:56,  [Data], 	Inputs:106.701 2.02668 2.04631 51.1526 	Outputs:0 0 0 0 
Time , 13:41:58,  [Data], 	Inputs:106.701 2.02668 2.04631 51.1526 	Outputs:0 0 0 0 
Time , 13:42:00,  [Data], 	Inputs:106.701 2.02668 2.04631 51.1526 	Outputs:0 0 0 0 
Time , 13:42:02,  [Data], 	Inputs:106.701 2.02668 2.04631 51.1526 	Outputs:0 0 0 0 
Time , 13:42:04,  [Data], 	Inputs:106.701 2.02668 2.04631 51.1526 	Outputs:0 0 0 0 
Time , 13:42:06,  [Data], 	Inputs:106.701 2.02668 2.04631 51.1526 	Outputs:0 0 0 0 
Time , 13:42:08,  [Data], 	Inputs:106.701 2.02668 2.04631 51.1526 	Outputs:0 0 0 0 
Time , 13:42:10,  [Data], 	Inputs:106.701 2.02668 2.04631 51.1526 	Outputs:0 0 0 0 
Time , 13:42:12,  [Data], 	Inputs:106.701 2.02668 2.04631 51.1526 	Outputs:0 0 0 0 
Time , 13:42:14,  [Data], 	Inputs:106.701 2.02668 2.04631 51.1526 	Outputs:0 0 0 0 
Time , 13:42:16,  [Data], 	Inputs:106.701 2.02668 2.04631 51.1526 	Outputs:0 0 0 0 
Time , 13:42:18,  [Data], 	Inputs:106.701 2.02668 2.04631 51.1526 	Outputs:0 0 0 0 
Time , 13:42:20,  [Data], 	Inputs:106.701 2.02668 2.04631 51.1526 	Outputs:0 0 0 0 
Time , 13:42:22,  [Data], 	Inputs:106.701 2.02668 2.04631 51.1526 	Outputs:0 0 0 0 
Time , 13:42:24,  [Data], 	Inputs:106.701 2.02668 2.04631 51.1526 	Outputs:0 0 0 0 
Time , 13:42:26,  [Data], 	Inputs:106.701 2.02668 2.04631 51.1526 	Outputs:0 0 0 0 
Time , 13:42:28,  [Data], 	Inputs:106.701 2.02668 2.04631 51.1526 	Outputs:0 0 0 0 
Time , 13:42:30,  [Data], 	Inputs:106.701 2.02668 2.04631 51.1526 	Outputs:0 0 0 0 
Time , 13:42:32,  [Data], 	Inputs:106.701 2.02668 2.04631 51.1526 	Outputs:0 0 0 0 
Time , 13:42:34,  [Data], 	Inputs:106.701 2.02668 2.04631 51.1526 	Outputs:0 0 0 0 
Time , 13:42:36,  [Data], 	Inputs:106.701 2.02668 2.04631 51.1526 	Outputs:0 0 0 0 
Time , 13:42:38,  [Data], 	Inputs:106.701 2.02668 2.04631 51.1526 	Outputs:0 0 0 0 
Time , 13:42:40,  [Data], 	Inputs:106.701 2.02668 2.04631 51.1526 	Outputs:0 0 0 0 
Time , 13:42:42,  [Data], 	Inputs:106.701 2.02668 2.04631 51.1526 	Outputs:0 0 0 0 
Time , 13:42:44,  [Data], 	Inputs:106.701 2.02668 2.04631 51.1526 	Outputs:0 0 0 0 
Time , 13:42:46,  [Data], 	Inputs:106.701 2.02668 2.04631 51.1526 	Outputs:0 0 0 0 
Time , 13:42:48,  [Data], 	Inputs:106.701 2.02668 2.04631 51.1526 	Outputs:0 0 0 0 
Time , 13:42:50,  [Data], 	Inputs:106.701 2.02668 2.04631 51.1526 	Outputs:0 0 0 0 
Time , 13:42:52,  [Data], 	Inputs:106.701 2.02668 2.04631 51.1526 	Outputs:0 0 0 0 
Time , 13:42:54,  [Data], 	Inputs:106.701 2.02668 2.04631 51.1526 	Outputs:0 0 0 0 
Time , 13:42:56,  [Data], 	Inputs:106.701 2.02668 2.04631 51.1526 	Outputs:0 0 0 0 
Time , 13:42:58,  [Data], 	Inputs:106.701 2.02668 2.04631 51.1526 	Outputs:0 0 0 0 
Time , 13:43:00,  [Data], 	Inputs:106.701 2.02668 2.04631 51.1526 	Outputs:0 0 0 0 
Time , 13:43:02,  [Data], 	Inputs:106.701 2.02668 2.04631 51.1526 	Outputs:0 0 0 0 
Time , 13:43:04,  [Data], 	Inputs:106.701 2.02668 2.04631 51.1526 	Outputs:0 0 0 0 
Time , 13:43:06,  [Data], 	Inputs:106.701 2.02668 2.04631 51.1526 	Outputs:0 0 0 0 
Time , 13:43:08,  [Data], 	Inputs:106.701 2.02668 2.04631 51.1526 	Outputs:0 0 0 0 
Time , 13:43:10,  [Data], 	Inputs:106.701 2.02668 2.04631 51.1526 	Outputs:0 0 0 0 
Time , 13:43:12,  [Data], 	Inputs:106.701 2.02668 2.04631 51.1526 	Outputs:0 0 0 0 
Time , 13:43:14,  [Data], 	Inputs:106.701 2.02668 2.04631 51.1526 	Outputs:0 0 0 0 
Time , 13:43:16,  [Data], 	Inputs:106.701 2.02668 2.04631 51.1526 	Outputs:0 0 0 0 
Time , 13:43:18,  [Data], 	Inputs:106.701 2.02668 2.04631 51.1526 	Outputs:0 0 0 0 
Time , 13:43:20,  [Data], 	Inputs:106.701 2.02668 2.04631 51.1526 	Outputs:0 0 0 0 
Time , 13:43:22,  [Data], 	Inputs:106.701 2.02668 2.04631 51.1526 	Outputs:0 0 0 0 
Time , 13:43:24,  [Data], 	Inputs:106.701 2.02668 2.04631 51.1526 	Outputs:0 0 0 0 
Time , 13:43:26,  [Data], 	Inputs:106.701 2.02668 2.04631 51.1526 	Outputs:0 0 0 0 
Time , 13:43:28,  [Data], 	Inputs:106.701 2.02668 2.04631 51.1526 	Outputs:0 0 0 0 
Time , 13:43:30,  [Data], 	Inputs:106.701 2.02668 2.04631 51.1526 	Outputs:0 0 0 0 
Time , 13:43:32,  [Data], 	Inputs:106.701 2.02668 2.04631 51.1526 	Outputs:0 0 0 0 
Time , 13:43:34,  [Data], 	Inputs:106.701 2.02668 2.04631 51.1526 	Outputs:0 0 0 0 
Time , 13:43:36,  [Data], 	Inputs:106.701 2.02668 2.04631 51.1526 	Outputs:0 0 0 0 
Time , 13:43:38,  [Data], 	Inputs:106.701 2.02668 2.04631 51.1526 	Outputs:0 0 0 0 
Time , 13:43:40,  [Data], 	Inputs:106.701 2.02668 2.04631 51.1526 	Outputs:0 0 0 0 
Time , 13:43:42,  [Data], 	Inputs:106.701 2.02668 2.04631 51.1526 	Outputs:0 0 0 0 
Time , 13:43:44,  [Data], 	Inputs:106.701 2.02668 2.04631 51.1526 	Outputs:0 0 0 0 
Time , 13:43:46,  [Data], 	Inputs:106.701 2.02668 2.04631 51.1526 	Outputs:0 0 0 0 
Time , 13:43:48,  [Data], 	Inputs:106.701 2.02668 2.04631 51.1526 	Outputs:0 0 0 0 
Time , 13:43:50,  [Data], 	Inputs:106.701 2.02668 2.04631 51.1526 	Outputs:0 0 0 0 
Time , 13:43:52,  [Data], 	Inputs:106.701 2.02668 2.04631 51.1526 	Outputs:0 0 0 0 
Time , 13:43:54,  [Data], 	Inputs:106.701 2.02668 2.04631 51.1526 	Outputs:0 0 0 0 
Time , 13:43:56,  [Data], 	Inputs:106.701 2.02668 2.04631 51.1526 	Outputs:0 0 0 0 
Time , 13:43:58,  [Data], 	Inputs:106.701 2.02668 2.04631 51.1526 	Outputs:0 0 0 0 
Time , 13:44:00,  [Data], 	Inputs:106.701 2.02668 2.04631 51.1526 	Outputs:0 0 0 0 
Time , 13:44:02,  [Data], 	Inputs:106.701 2.02668 2.04631 51.1526 	Outputs:0 0 0 0 
Time , 13:44:04,  [Data], 	Inputs:106.701 2.02668 2.04631 51.1526 	Outputs:0 0 0 0 
Time , 13:44:06,  [Data], 	Inputs:106.701 2.02668 2.04631 51.1526 	Outputs:0 0 0 0 
Time , 13:44:08,  [Data], 	Inputs:106.701 2.02668 2.04631 51.1526 	Outputs:0 0 0 0 
Time , 13:44:10,  [Data], 	Inputs:106.701 2.02668 2.04631 51.1526 	Outputs:0 0 0 0 
Time , 13:44:12,  [Data], 	Inputs:106.701 2.02668 2.04631 51.1526 	Outputs:0 0 0 0 
Time , 13:44:14,  [Data], 	Inputs:106.701 2.02668 2.04631 51.1526 	Outputs:0 0 0 0 
Time , 13:44:16,  [Data], 	Inputs:106.701 2.02668 2.04631 51.1526 	Outputs:0 0 0 0 
Time , 13:44:18,  [Data], 	Inputs:106.701 2.02668 2.04631 51.1526 	Outputs:0 0 0 0 
Time , 13:44:20,  [Data], 	Inputs:106.701 2.02668 2.04631 51.1526 	Outputs:0 0 0 0 
Time , 13:44:22,  [Data], 	Inputs:106.701 2.02668 2.04631 51.1526 	Outputs:0 0 0 0 
Time , 13:44:24,  [Data], 	Inputs:106.701 2.02668 2.04631 51.1526 	Outputs:0 0 0 0 
Time , 13:44:26,  [Data], 	Inputs:106.701 2.02668 2.04631 51.1526 	Outputs:0 0 0 0 
Time , 13:44:28,  [Data], 	Inputs:106.701 2.02668 2.04631 51.1526 	Outputs:0 0 0 0 
Time , 13:44:30,  [Data], 	Inputs:106.701 2.02668 2.04631 51.1526 	Outputs:0 0 0 0 
Time , 13:44:32,  [Data], 	Inputs:106.701 2.02668 2.04631 51.1526 	Outputs:0 0 0 0 
Time , 13:44:34,  [Data], 	Inputs:106.701 2.02668 2.04631 51.1526 	Outputs:0 0 0 0 
Time , 13:44:36,  [Data], 	Inputs:106.701 2.02668 2.04631 51.1526 	Outputs:0 0 0 0 
Time , 13:44:38,  [Data], 	Inputs:106.701 2.02668 2.04631 51.1526 	Outputs:0 0 0 0 
Time , 13:44:40,  [Data], 	Inputs:106.701 2.02668 2.04631 51.1526 	Outputs:0 0 0 0 
Time , 13:44:42,  [Data], 	Inputs:106.701 2.02668 2.04631 51.1526 	Outputs:0 0 0 0 
Time , 13:44:44,  [Data], 	Inputs:106.701 2.02668 2.04631 51.1526 	Outputs:0 0 0 0 
Time , 13:44:46,  [Data], 	Inputs:106.701 2.02668 2.04631 51.1526 	Outputs:0 0 0 0 
Time , 13:44:48,  [Data], 	Inputs:106.701 2.02668 2.04631 51.1526 	Outputs:0 0 0 0 
Time , 13:44:50,  [Data], 	Inputs:106.701 2.02668 2.04631 51.1526 	Outputs:0 0 0 0 
Time , 13:44:52,  [Data], 	Inputs:106.701 2.02668 2.04631 51.1526 	Outputs:0 0 0 0 
Time , 13:44:54,  [Data], 	Inputs:106.701 2.02668 2.04631 51.1526 	Outputs:0 0 0 0 
Time , 13:44:56,  [Data], 	Inputs:106.701 2.02668 2.04631 51.1526 	Outputs:0 0 0 0 
Time , 13:44:58,  [Data], 	Inputs:106.701 2.02668 2.04631 51.1526 	Outputs:0 0 0 0 
Time , 13:45:00,  [Data], 	Inputs:106.701 2.02668 2.04631 51.1526 	Outputs:0 0 0 0 
Time , 13:45:02,  [Data], 	Inputs:106.701 2.02668 2.04631 51.1526 	Outputs:0 0 0 0 
Time , 13:45:04,  [Data], 	Inputs:106.701 2.02668 2.04631 51.1526 	Outputs:0 0 0 0 
Time , 13:45:06,  [Data], 	Inputs:106.701 2.02668 2.04631 51.1526 	Outputs:0 0 0 0 
Time , 13:45:08,  [Data], 	Inputs:106.701 2.02668 2.04631 51.1526 	Outputs:0 0 0 0 
Time , 13:45:10,  [Data], 	Inputs:106.701 2.02668 2.04631 51.1526 	Outputs:0 0 0 0 
Time , 13:45:12,  [Data], 	Inputs:106.701 2.02668 2.04631 51.1526 	Outputs:0 0 0 0 
Time , 13:45:14,  [Data], 	Inputs:106.701 2.02668 2.04631 51.1526 	Outputs:0 0 0 0 
Time , 13:45:16,  [Data], 	Inputs:106.701 2.02668 2.04631 51.1526 	Outputs:0 0 0 0 
Time , 13:45:18,  [Data], 	Inputs:106.701 2.02668 2.04631 51.1526 	Outputs:0 0 0 0 
Time , 13:45:20,  [Data], 	Inputs:106.701 2.02668 2.04631 51.1526 	Outputs:0 0 0 0 
Time , 13:45:22,  [Data], 	Inputs:106.701 2.02668 2.04631 51.1526 	Outputs:0 0 0 0 
Time , 13:45:24,  [Data], 	Inputs:106.701 2.02668 2.04631 51.1526 	Outputs:0 0 0 0 
Time , 13:45:26,  [Data], 	Inputs:106.701 2.02668 2.04631 51.1526 	Outputs:0 0 0 0 
Time , 13:45:28,  [Data], 	Inputs:106.701 2.02668 2.04631 51.1526 	Outputs:0 0 0 0 
Time , 13:45:30,  [Data], 	Inputs:106.701 2.02668 2.04631 51.1526 	Outputs:0 0 0 0 
Time , 13:45:32,  [Data], 	Inputs:106.701 2.02668 2.04631 51.1526 	Outputs:0 0 0 0 
Time , 13:45:34,  [Data], 	Inputs:106.701 2.02668 2.04631 51.1526 	Outputs:0 0 0 0 
Time , 13:45:36,  [Data], 	Inputs:106.701 2.02668 2.04631 51.1526 	Outputs:0 0 0 0 
Time , 13:45:38,  [Data], 	Inputs:106.701 2.02668 2.04631 51.1526 	Outputs:0 0 0 0 
Time , 13:45:40,  [Data], 	Inputs:106.701 2.02668 2.04631 51.1526 	Outputs:0 0 0 0 
Time , 13:45:42,  [Data], 	Inputs:106.701 2.02668 2.04631 51.1526 	Outputs:0 0 0 0 
Time , 13:45:44,  [Data], 	Inputs:106.701 2.02668 2.04631 51.1526 	Outputs:0 0 0 0 
Time , 13:45:46,  [Data], 	Inputs:106.701 2.02668 2.04631 51.1526 	Outputs:0 0 0 0 
Time , 13:45:48,  [Data], 	Inputs:106.701 2.02668 2.04631 51.1526 	Outputs:0 0 0 0 
Time , 13:45:50,  [Data], 	Inputs:106.701 2.02668 2.04631 51.1526 	Outputs:0 0 0 0 
Time , 13:45:52,  [Data], 	Inputs:106.701 2.02668 2.04631 51.1526 	Outputs:0 0 0 0 
Time , 13:45:54,  [Data], 	Inputs:106.701 2.02668 2.04631 51.1526 	Outputs:0 0 0 0 
Time , 13:45:56,  [Data], 	Inputs:106.701 2.02668 2.04631 51.1526 	Outputs:0 0 0 0 
Time , 13:45:58,  [Data], 	Inputs:106.701 2.02668 2.04631 51.1526 	Outputs:0 0 0 0 
Time , 13:46:00,  [Data], 	Inputs:106.701 2.02668 2.04631 51.1526 	Outputs:0 0 0 0 
Time , 13:46:02,  [Data], 	Inputs:106.701 2.02668 2.04631 51.1526 	Outputs:0 0 0 0 
Time , 13:46:04,  [Data], 	Inputs:106.701 2.02668 2.04631 51.1526 	Outputs:0 0 0 0 
Time , 13:46:06,  [Data], 	Inputs:106.701 2.02668 2.04631 51.1526 	Outputs:0 0 0 0 
Time , 13:46:08,  [Data], 	Inputs:106.701 2.02668 2.04631 51.1526 	Outputs:0 0 0 0 
Time , 13:46:10,  [Data], 	Inputs:106.701 2.02668 2.04631 51.1526 	Outputs:0 0 0 0 
Time , 13:46:12,  [Data], 	Inputs:106.701 2.02668 2.04631 51.1526 	Outputs:0 0 0 0 
Time , 13:46:14,  [Data], 	Inputs:106.701 2.02668 2.04631 51.1526 	Outputs:0 0 0 0 
Time , 13:46:16,  [Data], 	Inputs:106.701 2.02668 2.04631 51.1526 	Outputs:0 0 0 0 
Time , 13:46:18,  [Data], 	Inputs:106.701 2.02668 2.04631 51.1526 	Outputs:0 0 0 0 
Time , 13:46:20,  [Data], 	Inputs:106.701 2.02668 2.04631 51.1526 	Outputs:0 0 0 0 
Time , 13:46:22,  [Data], 	Inputs:106.701 2.02668 2.04631 51.1526 	Outputs:0 0 0 0 
Time , 13:46:24,  [Data], 	Inputs:106.701 2.02668 2.04631 51.1526 	Outputs:0 0 0 0 
Time , 13:46:26,  [Data], 	Inputs:106.701 2.02668 2.04631 51.1526 	Outputs:0 0 0 0 
Time , 13:46:28,  [Data], 	Inputs:106.701 2.02668 2.04631 51.1526 	Outputs:0 0 0 0 
Time , 13:46:30,  [Data], 	Inputs:106.701 2.02668 2.04631 51.1526 	Outputs:0 0 0 0 
Time , 13:46:32,  [Data], 	Inputs:106.701 2.02668 2.04631 51.1526 	Outputs:0 0 0 0 
Time , 13:46:34,  [Data], 	Inputs:106.701 2.02668 2.04631 51.1526 	Outputs:0 0 0 0 
Time , 13:46:36,  [Data], 	Inputs:106.701 2.02668 2.04631 51.1526 	Outputs:0 0 0 0 
Time , 13:46:38,  [Data], 	Inputs:106.701 2.02668 2.04631 51.1526 	Outputs:0 0 0 0 
Time , 13:46:40,  [Data], 	Inputs:106.701 2.02668 2.04631 51.1526 	Outputs:0 0 0 0 
Time , 13:46:42,  [Data], 	Inputs:106.701 2.02668 2.04631 51.1526 	Outputs:0 0 0 0 
Time , 13:46:44,  [Data], 	Inputs:106.701 2.02668 2.04631 51.1526 	Outputs:0 0 0 0 
Time , 13:46:46,  [Data], 	Inputs:106.701 2.02668 2.04631 51.1526 	Outputs:0 0 0 0 
Time , 13:46:48,  [Data], 	Inputs:106.701 2.02668 2.04631 51.1526 	Outputs:0 0 0 0 
Time , 13:46:50,  [Data], 	Inputs:106.701 2.02668 2.04631 51.1526 	Outputs:0 0 0 0 
Time , 13:46:52,  [Data], 	Inputs:106.701 2.02668 2.04631 51.1526 	Outputs:0 0 0 0 
Time , 13:46:54,  [Data], 	Inputs:106.701 2.02668 2.04631 51.1526 	Outputs:0 0 0 0 
Time , 13:46:56,  [Data], 	Inputs:106.701 2.02668 2.04631 51.1526 	Outputs:0 0 0 0 
Time , 13:46:58,  [Data], 	Inputs:106.701 2.02668 2.04631 51.1526 	Outputs:0 0 0 0 
Time , 13:47:00,  [Data], 	Inputs:106.701 2.02668 2.04631 51.1526 	Outputs:0 0 0 0 
Time , 13:47:02,  [Data], 	Inputs:106.701 2.02668 2.04631 51.1526 	Outputs:0 0 0 0 
Time , 13:47:04,  [Data], 	Inputs:106.701 2.02668 2.04631 51.1526 	Outputs:0 0 0 0 
Time , 13:47:06,  [Data], 	Inputs:106.701 2.02668 2.04631 51.1526 	Outputs:0 0 0 0 
Time , 13:47:08,  [Data], 	Inputs:106.701 2.02668 2.04631 51.1526 	Outputs:0 0 0 0 
Time , 13:47:10,  [Data], 	Inputs:106.701 2.02668 2.04631 51.1526 	Outputs:0 0 0 0 
Time , 13:47:12,  [Data], 	Inputs:106.701 2.02668 2.04631 51.1526 	Outputs:0 0 0 0 
Time , 13:47:14,  [Data], 	Inputs:106.701 2.02668 2.04631 51.1526 	Outputs:0 0 0 0 
Time , 13:47:16,  [Data], 	Inputs:106.701 2.02668 2.04631 51.1526 	Outputs:0 0 0 0 
Time , 13:47:18,  [Data], 	Inputs:106.701 2.02668 2.04631 51.1526 	Outputs:0 0 0 0 
Time , 13:47:20,  [Data], 	Inputs:106.701 2.02668 2.04631 51.1526 	Outputs:0 0 0 0 
Time , 13:47:22,  [Data], 	Inputs:106.701 2.02668 2.04631 51.1526 	Outputs:0 0 0 0 
Time , 13:47:24,  [Data], 	Inputs:106.701 2.02668 2.04631 51.1526 	Outputs:0 0 0 0 
Time , 13:47:26,  [Data], 	Inputs:106.701 2.02668 2.04631 51.1526 	Outputs:0 0 0 0 
Time , 13:47:28,  [Data], 	Inputs:106.701 2.02668 2.04631 51.1526 	Outputs:0 0 0 0 
Time , 13:47:30,  [Data], 	Inputs:106.701 2.02668 2.04631 51.1526 	Outputs:0 0 0 0 
Time , 13:47:32,  [Data], 	Inputs:106.701 2.02668 2.04631 51.1526 	Outputs:0 0 0 0 
Time , 13:47:34,  [Data], 	Inputs:106.701 2.02668 2.04631 51.1526 	Outputs:0 0 0 0 
Time , 13:47:36,  [Data], 	Inputs:106.701 2.02668 2.04631 51.1526 	Outputs:0 0 0 0 
Time , 13:47:38,  [Data], 	Inputs:106.701 2.02668 2.04631 51.1526 	Outputs:0 0 0 0 
Time , 13:47:40,  [Data], 	Inputs:106.701 2.02668 2.04631 51.1526 	Outputs:0 0 0 0 
Time , 13:47:42,  [Data], 	Inputs:106.701 2.02668 2.04631 51.1526 	Outputs:0 0 0 0 
Time , 13:47:44,  [Data], 	Inputs:106.701 2.02668 2.04631 51.1526 	Outputs:0 0 0 0 
Time , 13:47:46,  [Data], 	Inputs:106.701 2.02668 2.04631 51.1526 	Outputs:0 0 0 0 
Time , 13:47:48,  [Data], 	Inputs:106.701 2.02668 2.04631 51.1526 	Outputs:0 0 0 0 
Time , 13:47:50,  [Data], 	Inputs:106.701 2.02668 2.04631 51.1526 	Outputs:0 0 0 0 
Time , 13:47:52,  [Data], 	Inputs:106.701 2.02668 2.04631 51.1526 	Outputs:0 0 0 0 
Time , 13:47:54,  [Data], 	Inputs:106.701 2.02668 2.04631 51.1526 	Outputs:0 0 0 0 
Time , 13:47:56,  [Data], 	Inputs:106.701 2.02668 2.04631 51.1526 	Outputs:0 0 0 0 
Time , 13:47:58,  [Data], 	Inputs:106.701 2.02668 2.04631 51.1526 	Outputs:0 0 0 0 
Time , 13:48:00,  [Data], 	Inputs:106.701 2.02668 2.04631 51.1526 	Outputs:0 0 0 0 
Time , 13:48:02,  [Data], 	Inputs:106.701 2.02668 2.04631 51.1526 	Outputs:0 0 0 0 
Time , 13:48:04,  [Data], 	Inputs:106.701 2.02668 2.04631 51.1526 	Outputs:0 0 0 0 
Time , 13:48:06,  [Data], 	Inputs:106.701 2.02668 2.04631 51.1526 	Outputs:0 0 0 0 
Time , 13:48:08,  [Data], 	Inputs:106.701 2.02668 2.04631 51.1526 	Outputs:0 0 0 0 
Time , 13:48:10,  [Data], 	Inputs:106.701 2.02668 2.04631 51.1526 	Outputs:0 0 0 0 
Time , 13:48:12,  [Data], 	Inputs:106.701 2.02668 2.04631 51.1526 	Outputs:0 0 0 0 
Time , 13:48:14,  [Data], 	Inputs:106.701 2.02668 2.04631 51.1526 	Outputs:0 0 0 0 
Time , 13:48:16,  [Data], 	Inputs:106.701 2.02668 2.04631 51.1526 	Outputs:0 0 0 0 
Time , 13:48:18,  [Data], 	Inputs:106.701 2.02668 2.04631 51.1526 	Outputs:0 0 0 0 
Time , 13:48:20,  [Data], 	Inputs:106.701 2.02668 2.04631 51.1526 	Outputs:0 0 0 0 
Time , 13:48:22,  [Data], 	Inputs:106.701 2.02668 2.04631 51.1526 	Outputs:0 0 0 0 
Time , 13:48:24,  [Data], 	Inputs:106.701 2.02668 2.04631 51.1526 	Outputs:0 0 0 0 
Time , 13:48:26,  [Data], 	Inputs:106.701 2.02668 2.04631 51.1526 	Outputs:0 0 0 0 
Time , 13:48:28,  [Data], 	Inputs:106.701 2.02668 2.04631 51.1526 	Outputs:0 0 0 0 
Time , 13:48:30,  [Data], 	Inputs:106.701 2.02668 2.04631 51.1526 	Outputs:0 0 0 0 
Time , 13:48:32,  [Data], 	Inputs:106.701 2.02668 2.04631 51.1526 	Outputs:0 0 0 0 
Time , 13:48:34,  [Data], 	Inputs:106.701 2.02668 2.04631 51.1526 	Outputs:0 0 0 0 
Time , 13:48:36,  [Data], 	Inputs:106.701 2.02668 2.04631 51.1526 	Outputs:0 0 0 0 
Time , 13:48:38,  [Data], 	Inputs:106.701 2.02668 2.04631 51.1526 	Outputs:0 0 0 0 
Time , 13:48:40,  [Data], 	Inputs:106.701 2.02668 2.04631 51.1526 	Outputs:0 0 0 0 
Time , 13:48:42,  [Data], 	Inputs:106.701 2.02668 2.04631 51.1526 	Outputs:0 0 0 0 
Time , 13:48:44,  [Data], 	Inputs:128.565 2.03671 2.10439 60.1259 	Outputs:0 0 0 2.9 
Time , 13:48:46,  [Data], 	Inputs:125.796 2.20995 2.24161 55.1327 	Outputs:0 0 0 5.4 
Time , 13:48:48,  [Data], 	Inputs:115.87 2.19968 2.27656 49.9307 	Outputs:0 0 0 7.7 
Time , 13:48:50,  [Data], 	Inputs:107.98 1.87254 2.13669 49.6598 	Outputs:0 0 0 7.7 
Time , 13:48:52,  [Data], 	Inputs:102.184 1.72707 2.04395 49.1482 	Outputs:0 0 0 7.7 
Time , 13:48:54,  [Data], 	Inputs:101.144 1.71505 2.02843 49.0175 	Outputs:0 0 0 7.7 
Time , 13:48:56,  [Data], 	Inputs:101.713 1.75494 2.04513 48.8761 	Outputs:0 0 0 7.7 
Time , 13:48:58,  [Data], 	Inputs:102.584 1.79593 2.06506 48.8067 	Outputs:0 0 0 7.7 
Time , 13:49:00,  [Data], 	Inputs:103.34 1.83026 2.08231 48.7485 	Outputs:0 0 0 7.7 
Time , 13:49:02,  [Data], 	Inputs:103.908 1.85447 2.09469 48.72 	Outputs:0 0 0 7.7 
Time , 13:49:04,  [Data], 	Inputs:104.305 1.87199 2.10362 48.6935 	Outputs:0 0 0 7.7 
Time , 13:49:06,  [Data], 	Inputs:104.579 1.88393 2.10975 48.6767 	Outputs:0 0 0 7.7 
Time , 13:49:08,  [Data], 	Inputs:104.757 1.89422 2.11503 48.6342 	Outputs:0 0 0 7.7 
Time , 13:49:10,  [Data], 	Inputs:104.871 1.89992 2.11795 48.618 	Outputs:0 0 0 7.7 
Time , 13:49:12,  [Data], 	Inputs:104.948 1.90315 2.11963 48.6146 	Outputs:0 0 0 7.7 
Time , 13:49:14,  [Data], 	Inputs:104.997 1.9053 2.12073 48.6116 	Outputs:0 0 0 7.7 
Time , 13:49:16,  [Data], 	Inputs:105.03 1.90669 2.12145 48.6098 	Outputs:0 0 0 7.7 
Time , 13:49:18,  [Data], 	Inputs:105.051 1.90759 2.12191 48.6087 	Outputs:0 0 0 7.7 
Time , 13:49:20,  [Data], 	Inputs:105.064 1.90816 2.12221 48.608 	Outputs:0 0 0 7.7 
Time , 13:49:22,  [Data], 	Inputs:106.92 1.95875 2.1158 49.6083 	Outputs:0 0 0 7.7 
Time , 13:49:24,  [Data], 	Inputs:108.3 1.98927 2.1328 49.8457 	Outputs:0 0 0 7.7 
Time , 13:49:26,  [Data], 	Inputs:109.019 2.01557 2.14638 49.8531 	Outputs:0 0 0 7.8 
Time , 13:49:28,  [Data], 	Inputs:109.491 2.03421 2.15589 49.8431 	Outputs:0 0 0 7.9 
Time , 13:49:30,  [Data], 	Inputs:109.778 2.04741 2.16271 49.8129 	Outputs:0 0 0 8.1 
Time , 13:49:32,  [Data], 	Inputs:109.929 2.05668 2.16756 49.7666 	Outputs:0 0 0 8.3 
Time , 13:49:34,  [Data], 	Inputs:109.97 2.06311 2.17104 49.7029 	Outputs:0 0 0 8.5 
Time , 13:49:36,  [Data], 	Inputs:109.945 2.06701 2.17323 49.6397 	Outputs:0 0 0 8.7 
Time , 13:49:38,  [Data], 	Inputs:109.88 2.06938 2.17461 49.5769 	Outputs:0 0 0 8.9 
Time , 13:49:40,  [Data], 	Inputs:109.792 2.07081 2.1755 49.5154 	Outputs:0 0 0 9.1 
Time , 13:49:42,  [Data], 	Inputs:109.692 2.07167 2.1761 49.4554 	Outputs:0 0 0 9.3 
Time , 13:49:44,  [Data], 	Inputs:109.586 2.07219 2.17651 49.3971 	Outputs:0 0 0 9.5 
Time , 13:49:46,  [Data], 	Inputs:109.477 2.07248 2.17681 49.3405 	Outputs:0 0 0 9.6 
Time , 13:49:48,  [Data], 	Inputs:109.381 2.07213 2.17675 49.298 	Outputs:0 0 0 9.7 
Time , 13:49:50,  [Data], 	Inputs:109.306 2.07156 2.17651 49.2691 	Outputs:0 0 0 9.8 
Time , 13:49:52,  [Data], 	Inputs:109.243 2.0714 2.17648 49.241 	Outputs:0 0 0 9.9 
Time , 13:49:54,  [Data], 	Inputs:109.188 2.07141 2.17654 49.2142 	Outputs:0 0 0 10 
Time , 13:49:56,  [Data], 	Inputs:109.136 2.07147 2.17663 49.1882 	Outputs:0 0 0 10.1 
Time , 13:49:58,  [Data], 	Inputs:109.085 2.07154 2.17673 49.1627 	Outputs:0 0 0 10.2 
Time , 13:50:00,  [Data], 	Inputs:109.035 2.07159 2.17682 49.1376 	Outputs:0 0 0 10.3 
Time , 13:50:02,  [Data], 	Inputs:108.986 2.07162 2.1769 49.113 	Outputs:0 0 0 10.4 
Time , 13:50:04,  [Data], 	Inputs:108.936 2.07165 2.17697 49.0887 	Outputs:0 0 0 10.5 
Time , 13:50:06,  [Data], 	Inputs:108.887 2.07166 2.17704 49.0647 	Outputs:0 0 0 10.5 
Time , 13:50:08,  [Data], 	Inputs:108.85 2.07119 2.17685 49.0521 	Outputs:0 0 0 10.5 
Time , 13:50:10,  [Data], 	Inputs:108.83 2.07057 2.17652 49.0506 	Outputs:0 0 0 10.5 
Time , 13:50:12,  [Data], 	Inputs:108.821 2.07036 2.17639 49.0494 	Outputs:0 0 0 10.5 
Time , 13:50:14,  [Data], 	Inputs:108.818 2.07032 2.17636 49.0488 	Outputs:0 0 0 10.5 
Time , 13:50:16,  [Data], 	Inputs:108.818 2.07034 2.17637 49.0486 	Outputs:0 0 0 10.5 
Time , 13:50:18,  [Data], 	Inputs:108.819 2.07039 2.17639 49.0485 	Outputs:0 0 0 10.5 
Time , 13:50:20,  [Data], 	Inputs:108.82 2.07043 2.17641 49.0485 	Outputs:0 0 0 10.5 
Time , 13:50:22,  [Data], 	Inputs:108.821 2.07046 2.17643 49.0484 	Outputs:0 0 0 10.5 
Time , 13:50:24,  [Data], 	Inputs:108.822 2.07049 2.17644 49.0484 	Outputs:0 0 0 10.5 
Time , 13:50:26,  [Data], 	Inputs:108.822 2.07051 2.17645 49.0484 	Outputs:0 0 0 10.5 
Time , 13:50:28,  [Data], 	Inputs:108.822 2.07052 2.17646 49.0484 	Outputs:0 0 0 10.5 
Time , 13:50:30,  [Data], 	Inputs:108.823 2.07053 2.17646 49.0484 	Outputs:0 0 0 10.5 
Time , 13:50:32,  [Data], 	Inputs:108.823 2.07054 2.17647 49.0484 	Outputs:0 0 0 10.5 
Time , 13:50:34,  [Data], 	Inputs:108.823 2.07054 2.17647 49.0484 	Outputs:0 0 0 10.5 
Time , 13:50:36,  [Data], 	Inputs:108.823 2.07054 2.17647 49.0484 	Outputs:0 0 0 10.5 
Time , 13:50:38,  [Data], 	Inputs:108.823 2.07055 2.17647 49.0484 	Outputs:0 0 0 10.5 
Time , 13:50:40,  [Data], 	Inputs:108.823 2.07055 2.17647 49.0484 	Outputs:0 0 0 10.5 
Time , 13:50:42,  [Data], 	Inputs:108.823 2.07055 2.17647 49.0484 	Outputs:0 0 0 10.5 
Time , 13:50:44,  [Data], 	Inputs:108.823 2.07055 2.17647 49.0484 	Outputs:0 0 0 10.5 
Time , 13:50:46,  [Data], 	Inputs:108.823 2.07055 2.17647 49.0484 	Outputs:0 0 0 10.5 
Time , 13:50:48,  [Data], 	Inputs:108.823 2.07055 2.17647 49.0484 	Outputs:0 0 0 10.5 
Time , 13:50:50,  [Data], 	Inputs:108.823 2.07055 2.17647 49.0484 	Outputs:0 0 0 10.5 
Time , 13:50:52,  [Data], 	Inputs:108.823 2.07055 2.17647 49.0484 	Outputs:0 0 0 10.5 
Time , 13:50:54,  [Data], 	Inputs:108.823 2.07055 2.17647 49.0484 	Outputs:0 0 0 10.5 
Time , 13:50:56,  [Data], 	Inputs:108.823 2.07055 2.17647 49.0484 	Outputs:0 0 0 10.5 
Time , 13:50:58,  [Data], 	Inputs:108.823 2.07055 2.17647 49.0484 	Outputs:0 0 0 10.5 
Time , 13:51:00,  [Data], 	Inputs:108.823 2.07055 2.17647 49.0484 	Outputs:0 0 0 10.5 
Time , 13:51:02,  [Data], 	Inputs:108.823 2.07055 2.17647 49.0484 	Outputs:0 0 0 10.5 
Time , 13:51:04,  [Data], 	Inputs:108.823 2.07055 2.17647 49.0484 	Outputs:0 0 0 10.5 
Time , 13:51:06,  [Data], 	Inputs:108.823 2.07055 2.17647 49.0484 	Outputs:0 0 0 10.5 
Time , 13:51:08,  [Data], 	Inputs:108.823 2.07055 2.17647 49.0484 	Outputs:0 0 0 10.5 
Time , 13:51:10,  [Data], 	Inputs:108.823 2.07055 2.17647 49.0484 	Outputs:0 0 0 10.5 
Time , 13:51:12,  [Data], 	Inputs:108.823 2.07055 2.17647 49.0484 	Outputs:0 0 0 10.5 
Time , 13:51:14,  [Data], 	Inputs:108.823 2.07055 2.17647 49.0484 	Outputs:0 0 0 10.5 
Time , 13:51:16,  [Data], 	Inputs:108.823 2.07055 2.17647 49.0484 	Outputs:0 0 0 10.5 
Time , 13:51:18,  [Data], 	Inputs:108.823 2.07055 2.17647 49.0484 	Outputs:0 0 0 10.5 
Time , 13:51:20,  [Data], 	Inputs:108.823 2.07055 2.17647 49.0484 	Outputs:0 0 0 10.5 
Time , 13:51:22,  [Data], 	Inputs:108.823 2.07055 2.17647 49.0484 	Outputs:0 0 0 10.5 
Time , 13:51:24,  [Data], 	Inputs:108.823 2.07055 2.17647 49.0484 	Outputs:0 0 0 10.5 
Time , 13:51:26,  [Data], 	Inputs:108.823 2.07055 2.17647 49.0484 	Outputs:0 0 0 10.5 
Time , 13:51:28,  [Data], 	Inputs:108.823 2.07055 2.17647 49.0484 	Outputs:0 0 0 10.5 
Time , 13:51:30,  [Data], 	Inputs:108.823 2.07055 2.17647 49.0484 	Outputs:0 0 0 10.5 
Time , 13:51:32,  [Data], 	Inputs:108.823 2.07055 2.17647 49.0484 	Outputs:0 0 0 10.5 
Time , 13:51:34,  [Data], 	Inputs:108.823 2.07055 2.17647 49.0484 	Outputs:0 0 0 10.5 
Time , 13:51:36,  [Data], 	Inputs:108.823 2.07055 2.17647 49.0484 	Outputs:0 0 0 10.5 
Time , 13:51:38,  [Data], 	Inputs:108.823 2.07055 2.17647 49.0484 	Outputs:0 0 0 10.5 
Time , 13:51:40,  [Data], 	Inputs:108.823 2.07055 2.17647 49.0484 	Outputs:0 0 0 10.5 
Time , 13:51:42,  [Data], 	Inputs:108.823 2.07055 2.17647 49.0484 	Outputs:0 0 0 10.5 
Time , 13:51:44,  [Data], 	Inputs:108.823 2.07055 2.17647 49.0484 	Outputs:0 0 0 10.5 
Time , 13:51:46,  [Data], 	Inputs:108.823 2.07055 2.17647 49.0484 	Outputs:0 0 0 10.5 
Time , 13:51:48,  [Data], 	Inputs:108.823 2.07055 2.17647 49.0484 	Outputs:0 0 0 10.5 
Time , 13:51:50,  [Data], 	Inputs:108.823 2.07055 2.17647 49.0484 	Outputs:0 0 0 10.5 
Time , 13:51:52,  [Data], 	Inputs:108.823 2.07055 2.17647 49.0484 	Outputs:0 0 0 10.5 
Time , 13:51:54,  [Data], 	Inputs:108.823 2.07055 2.17647 49.0484 	Outputs:0 0 0 10.5 
Time , 13:51:56,  [Data], 	Inputs:108.823 2.07055 2.17647 49.0484 	Outputs:0 0 0 10.5 
Time , 13:51:58,  [Data], 	Inputs:108.823 2.07055 2.17647 49.0484 	Outputs:0 0 0 10.5 
Time , 13:52:00,  [Data], 	Inputs:109.605 2.09511 2.17319 49.4712 	Outputs:0 0 0 10.7 
Time , 13:52:02,  [Data], 	Inputs:110.206 2.11226 2.18211 49.5364 	Outputs:0 0 0 11 
Time , 13:52:04,  [Data], 	Inputs:110.496 2.12642 2.18936 49.4982 	Outputs:0 0 0 11.4 
Time , 13:52:06,  [Data], 	Inputs:110.627 2.13687 2.19478 49.4309 	Outputs:0 0 0 11.8 
Time , 13:52:08,  [Data], 	Inputs:110.649 2.14406 2.19865 49.3508 	Outputs:0 0 0 12.2 
Time , 13:52:10,  [Data], 	Inputs:110.604 2.14861 2.20122 49.2706 	Outputs:0 0 0 12.6 
Time , 13:52:12,  [Data], 	Inputs:110.518 2.15151 2.20295 49.1914 	Outputs:0 0 0 13 
Time , 13:52:14,  [Data], 	Inputs:110.409 2.15337 2.20415 49.1144 	Outputs:0 0 0 13.3 
Time , 13:52:16,  [Data], 	Inputs:110.297 2.15415 2.2048 49.0488 	Outputs:0 0 0 13.6 
Time , 13:52:18,  [Data], 	Inputs:110.19 2.1544 2.20511 48.9935 	Outputs:0 0 0 13.9 
Time , 13:52:20,  [Data], 	Inputs:110.089 2.1547 2.20543 48.9401 	Outputs:0 0 0 14.2 
Time , 13:52:22,  [Data], 	Inputs:109.992 2.15497 2.20574 48.889 	Outputs:0 0 0 14.4 
Time , 13:52:24,  [Data], 	Inputs:109.904 2.1548 2.20583 48.8474 	Outputs:0 0 0 14.6 
Time , 13:52:26,  [Data], 	Inputs:109.828 2.15446 2.20578 48.8141 	Outputs:0 0 0 14.8 
Time , 13:52:28,  [Data], 	Inputs:109.759 2.15438 2.20584 48.7819 	Outputs:0 0 0 15 
Time , 13:52:30,  [Data], 	Inputs:109.696 2.1544 2.20595 48.7508 	Outputs:0 0 0 15.2 
Time , 13:52:32,  [Data], 	Inputs:109.637 2.15447 2.20609 48.7206 	Outputs:0 0 0 15.4 
Time , 13:52:34,  [Data], 	Inputs:109.579 2.15454 2.20623 48.6912 	Outputs:0 0 0 15.5 
Time , 13:52:36,  [Data], 	Inputs:109.528 2.15425 2.2062 48.6693 	Outputs:0 0 0 15.6 
Time , 13:52:38,  [Data], 	Inputs:109.487 2.15384 2.20604 48.6541 	Outputs:0 0 0 15.7 
Time , 13:52:40,  [Data], 	Inputs:109.452 2.15368 2.206 48.6392 	Outputs:0 0 0 15.8 
Time , 13:52:42,  [Data], 	Inputs:109.422 2.15365 2.20603 48.625 	Outputs:0 0 0 15.9 
Time , 13:52:44,  [Data], 	Inputs:109.394 2.15367 2.20609 48.611 	Outputs:0 0 0 16 
Time , 13:52:46,  [Data], 	Inputs:109.367 2.15371 2.20616 48.5973 	Outputs:0 0 0 16.1 
Time , 13:52:48,  [Data], 	Inputs:109.341 2.15376 2.20623 48.5838 	Outputs:0 0 0 16.2 
Time , 13:52:50,  [Data], 	Inputs:109.315 2.15382 2.20631 48.5704 	Outputs:0 0 0 16.3 
Time , 13:52:52,  [Data], 	Inputs:109.29 2.15388 2.20638 48.5572 	Outputs:0 0 0 16.4 
Time , 13:52:54,  [Data], 	Inputs:109.265 2.15395 2.20646 48.5441 	Outputs:0 0 0 16.5 
Time , 13:52:56,  [Data], 	Inputs:109.24 2.15401 2.20654 48.5311 	Outputs:0 0 0 16.6 
Time , 13:52:58,  [Data], 	Inputs:109.215 2.15408 2.20662 48.5183 	Outputs:0 0 0 16.7 
Time , 13:53:00,  [Data], 	Inputs:109.191 2.15416 2.2067 48.5056 	Outputs:0 0 0 16.8 
Time , 13:53:02,  [Data], 	Inputs:109.167 2.15423 2.20678 48.493 	Outputs:0 0 0 16.9 
Time , 13:53:04,  [Data], 	Inputs:109.144 2.15431 2.20686 48.4805 	Outputs:0 0 0 17 
Time , 13:53:06,  [Data], 	Inputs:109.121 2.15439 2.20694 48.4681 	Outputs:0 0 0 17.1 
Time , 13:53:08,  [Data], 	Inputs:109.098 2.15447 2.20702 48.4559 	Outputs:0 0 0 17.2 
Time , 13:53:10,  [Data], 	Inputs:109.075 2.15456 2.20711 48.4438 	Outputs:0 0 0 17.3 
Time , 13:53:12,  [Data], 	Inputs:109.053 2.15465 2.20719 48.4318 	Outputs:0 0 0 17.4 
Time , 13:53:14,  [Data], 	Inputs:109.031 2.15474 2.20728 48.4199 	Outputs:0 0 0 17.5 
Time , 13:53:16,  [Data], 	Inputs:109.009 2.15484 2.20737 48.4081 	Outputs:0 0 0 17.6 
Time , 13:53:18,  [Data], 	Inputs:108.988 2.15494 2.20745 48.3964 	Outputs:0 0 0 17.6 
Time , 13:53:20,  [Data], 	Inputs:108.972 2.1547 2.20739 48.3907 	Outputs:0 0 0 17.6 
Time , 13:53:22,  [Data], 	Inputs:108.961 2.15433 2.2072 48.3901 	Outputs:0 0 0 17.6 
Time , 13:53:24,  [Data], 	Inputs:108.955 2.15416 2.20711 48.3895 	Outputs:0 0 0 17.6 
Time , 13:53:26,  [Data], 	Inputs:108.952 2.15408 2.20707 48.3892 	Outputs:0 0 0 17.6 
Time , 13:53:28,  [Data], 	Inputs:108.951 2.15405 2.20705 48.3891 	Outputs:0 0 0 17.6 
Time , 13:53:30,  [Data], 	Inputs:108.951 2.15404 2.20705 48.389 	Outputs:0 0 0 17.6 
Time , 13:53:32,  [Data], 	Inputs:108.951 2.15404 2.20705 48.389 	Outputs:0 0 0 17.6 
Time , 13:53:34,  [Data], 	Inputs:108.951 2.15404 2.20705 48.389 	Outputs:0 0 0 17.6 
Time , 13:53:36,  [Data], 	Inputs:108.951 2.15404 2.20705 48.389 	Outputs:0 0 0 17.6 
Time , 13:53:38,  [Data], 	Inputs:108.951 2.15404 2.20705 48.389 	Outputs:0 0 0 17.6 
Time , 13:53:40,  [Data], 	Inputs:108.951 2.15404 2.20705 48.389 	Outputs:0 0 0 17.6 
Time , 13:53:42,  [Data], 	Inputs:108.951 2.15404 2.20705 48.389 	Outputs:0 0 0 17.6 
Time , 13:53:44,  [Data], 	Inputs:108.951 2.15404 2.20705 48.389 	Outputs:0 0 0 17.6 
Time , 13:53:46,  [Data], 	Inputs:108.951 2.15404 2.20705 48.389 	Outputs:0 0 0 17.6 
Time , 13:53:48,  [Data], 	Inputs:108.951 2.15404 2.20705 48.389 	Outputs:0 0 0 17.6 
Time , 13:53:50,  [Data], 	Inputs:108.951 2.15404 2.20705 48.389 	Outputs:0 0 0 17.6 
Time , 13:53:52,  [Data], 	Inputs:108.951 2.15404 2.20705 48.389 	Outputs:0 0 0 17.6 
Time , 13:53:54,  [Data], 	Inputs:108.951 2.15404 2.20705 48.389 	Outputs:0 0 0 17.6 
Time , 13:53:56,  [Data], 	Inputs:108.951 2.15404 2.20705 48.389 	Outputs:0 0 0 17.6 
Time , 13:53:58,  [Data], 	Inputs:108.951 2.15404 2.20705 48.389 	Outputs:0 0 0 17.6 
Time , 13:54:00,  [Data], 	Inputs:108.951 2.15404 2.20705 48.389 	Outputs:0 0 0 17.6 
Time , 13:54:02,  [Data], 	Inputs:108.951 2.15404 2.20705 48.389 	Outputs:0 0 0 17.6 
Time , 13:54:04,  [Data], 	Inputs:108.951 2.15404 2.20705 48.389 	Outputs:0 0 0 17.6 
Time , 13:54:06,  [Data], 	Inputs:108.951 2.15404 2.20705 48.389 	Outputs:0 0 0 17.6 
Time , 13:54:08,  [Data], 	Inputs:108.951 2.15404 2.20705 48.389 	Outputs:0 0 0 17.6 
Time , 13:54:10,  [Data], 	Inputs:108.951 2.15404 2.20705 48.389 	Outputs:0 0 0 17.6 
Time , 13:54:12,  [Data], 	Inputs:108.951 2.15404 2.20705 48.389 	Outputs:0 0 0 17.6 
Time , 13:54:14,  [Data], 	Inputs:108.951 2.15404 2.20705 48.389 	Outputs:0 0 0 17.6 
Time , 13:54:16,  [Data], 	Inputs:108.951 2.15404 2.20705 48.389 	Outputs:0 0 0 17.6 
Time , 13:54:18,  [Data], 	Inputs:108.951 2.15404 2.20705 48.389 	Outputs:0 0 0 17.6 
Time , 13:54:20,  [Data], 	Inputs:108.951 2.15404 2.20705 48.389 	Outputs:0 0 0 17.6 
Time , 13:54:22,  [Data], 	Inputs:108.951 2.15404 2.20705 48.389 	Outputs:0 0 0 17.6 
Time , 13:54:24,  [Data], 	Inputs:108.951 2.15404 2.20705 48.389 	Outputs:0 0 0 17.6 
Time , 13:54:26,  [Data], 	Inputs:108.951 2.15404 2.20705 48.389 	Outputs:0 0 0 17.6 
Time , 13:54:28,  [Data], 	Inputs:108.951 2.15404 2.20705 48.389 	Outputs:0 0 0 17.6 
Time , 13:54:30,  [Data], 	Inputs:108.951 2.15404 2.20705 48.389 	Outputs:0 0 0 17.6 
Time , 13:54:32,  [Data], 	Inputs:108.778 2.14806 2.20777 48.2976 	Outputs:0 0 0 17.6 
Time , 13:54:34,  [Data], 	Inputs:108.643 2.14441 2.20583 48.2808 	Outputs:0 0 0 17.6 
Time , 13:54:36,  [Data], 	Inputs:108.567 2.14164 2.20443 48.2779 	Outputs:0 0 0 17.6 
Time , 13:54:38,  [Data], 	Inputs:108.514 2.13964 2.20344 48.2763 	Outputs:0 0 0 17.6 
Time , 13:54:40,  [Data], 	Inputs:108.476 2.13821 2.20274 48.2752 	Outputs:0 0 0 17.6 
Time , 13:54:42,  [Data], 	Inputs:108.449 2.1372 2.20224 48.2744 	Outputs:0 0 0 17.6 
Time , 13:54:44,  [Data], 	Inputs:108.43 2.13648 2.20188 48.2738 	Outputs:0 0 0 17.6 
Time , 13:54:46,  [Data], 	Inputs:108.416 2.13597 2.20163 48.2734 	Outputs:0 0 0 17.6 
Time , 13:54:48,  [Data], 	Inputs:107.534 2.10798 2.20413 47.8314 	Outputs:0 0 0 17.6 
Time , 13:54:50,  [Data], 	Inputs:106.958 2.09221 2.19529 47.7685 	Outputs:0 0 0 17.6 
Time , 13:54:52,  [Data], 	Inputs:106.656 2.08075 2.18935 47.7656 	Outputs:0 0 0 17.6 
Time , 13:54:54,  [Data], 	Inputs:106.452 2.07256 2.1852 47.7667 	Outputs:0 0 0 17.6 
Time , 13:54:56,  [Data], 	Inputs:106.31 2.06689 2.18233 47.767 	Outputs:0 0 0 17.6 
Time , 13:54:58,  [Data], 	Inputs:106.212 2.06299 2.18036 47.7671 	Outputs:0 0 0 17.6 
Time , 13:55:00,  [Data], 	Inputs:106.145 2.06033 2.179 47.7671 	Outputs:0 0 0 17.6 
Time , 13:55:02,  [Data], 	Inputs:106.099 2.05851 2.17808 47.767 	Outputs:0 0 0 17.6 
Time , 13:55:04,  [Data], 	Inputs:103.033 1.97549 2.1771 46.4183 	Outputs:0 0 0 17.5 
Time , 13:55:06,  [Data], 	Inputs:101.855 1.94169 2.15502 46.363 	Outputs:0 0 0 17.4 
Time , 13:55:08,  [Data], 	Inputs:101.265 1.91276 2.1397 46.4328 	Outputs:0 0 0 17.3 
Time , 13:55:10,  [Data], 	Inputs:100.856 1.89132 2.12873 46.4902 	Outputs:0 0 0 17.1 
Time , 13:55:12,  [Data], 	Inputs:100.722 1.88618 2.12628 46.4827 	Outputs:0 0 0 16.9 
Time , 13:55:14,  [Data], 	Inputs:100.486 1.87019 2.11809 46.5589 	Outputs:0 0 0 16.6 
Time , 13:55:16,  [Data], 	Inputs:100.441 1.86834 2.11706 46.561 	Outputs:0 0 0 16.3 
Time , 13:55:18,  [Data], 	Inputs:100.5 1.86776 2.11686 46.5935 	Outputs:0 0 0 16 
Time , 13:55:20,  [Data], 	Inputs:100.532 1.8663 2.11617 46.6248 	Outputs:0 0 0 15.8 
Time , 13:55:22,  [Data], 	Inputs:100.554 1.86499 2.11548 46.6506 	Outputs:0 0 0 15.6 
Time , 13:55:24,  [Data], 	Inputs:100.572 1.86394 2.11494 46.6719 	Outputs:0 0 0 15.4 
Time , 13:55:26,  [Data], 	Inputs:100.591 1.86286 2.11438 46.6935 	Outputs:0 0 0 15.2 
Time , 13:55:28,  [Data], 	Inputs:100.61 1.86184 2.11384 46.7151 	Outputs:0 0 0 15 
Time , 13:55:30,  [Data], 	Inputs:100.632 1.86092 2.11334 46.737 	Outputs:0 0 0 14.8 
Time , 13:55:32,  [Data], 	Inputs:100.657 1.86009 2.11289 46.7591 	Outputs:0 0 0 14.6 
Time , 13:55:34,  [Data], 	Inputs:100.684 1.85935 2.11247 46.7815 	Outputs:0 0 0 14.5 
Time , 13:55:36,  [Data], 	Inputs:100.709 1.859 2.11225 46.7982 	Outputs:0 0 0 14.4 
Time , 13:55:38,  [Data], 	Inputs:100.731 1.85894 2.11221 46.8097 	Outputs:0 0 0 14.3 
Time , 13:55:40,  [Data], 	Inputs:100.75 1.85872 2.11209 46.8215 	Outputs:0 0 0 14.2 
Time , 13:55:42,  [Data], 	Inputs:100.767 1.85841 2.11193 46.8333 	Outputs:0 0 0 14.1 
Time , 13:55:44,  [Data], 	Inputs:100.783 1.85809 2.11175 46.8452 	Outputs:0 0 0 14 
Time , 13:55:46,  [Data], 	Inputs:100.8 1.85777 2.11157 46.8573 	Outputs:0 0 0 13.9 
Time , 13:55:48,  [Data], 	Inputs:100.817 1.85745 2.11139 46.8694 	Outputs:0 0 0 13.8 
Time , 13:55:50,  [Data], 	Inputs:100.834 1.85715 2.11122 46.8816 	Outputs:0 0 0 13.7 
Time , 13:55:52,  [Data], 	Inputs:100.852 1.85686 2.11105 46.8939 	Outputs:0 0 0 13.7 
Time , 13:55:54,  [Data], 	Inputs:100.865 1.85693 2.11106 46.8998 	Outputs:0 0 0 13.7 
Time , 13:55:56,  [Data], 	Inputs:100.873 1.85724 2.11122 46.8998 	Outputs:0 0 0 13.7 
Time , 13:55:58,  [Data], 	Inputs:100.877 1.85734 2.11129 46.9 	Outputs:0 0 0 13.7 
Time , 13:56:00,  [Data], 	Inputs:100.877 1.85733 2.11129 46.9001 	Outputs:0 0 0 13.7 
Time , 13:56:02,  [Data], 	Inputs:100.876 1.85728 2.11127 46.9003 	Outputs:0 0 0 13.7 
Time , 13:56:04,  [Data], 	Inputs:100.876 1.85723 2.11125 46.9004 	Outputs:0 0 0 13.7 
Time , 13:56:06,  [Data], 	Inputs:100.875 1.85719 2.11122 46.9004 	Outputs:0 0 0 13.7 
Time , 13:56:08,  [Data], 	Inputs:100.874 1.85715 2.11121 46.9005 	Outputs:0 0 0 13.7 
Time , 13:56:10,  [Data], 	Inputs:100.873 1.85713 2.11119 46.9005 	Outputs:0 0 0 13.7 
Time , 13:56:12,  [Data], 	Inputs:100.873 1.85711 2.11118 46.9006 	Outputs:0 0 0 13.7 
Time , 13:56:14,  [Data], 	Inputs:100.873 1.8571 2.11118 46.9006 	Outputs:0 0 0 13.7 
Time , 13:56:16,  [Data], 	Inputs:100.872 1.85709 2.11117 46.9006 	Outputs:0 0 0 13.7 
Time , 13:56:18,  [Data], 	Inputs:100.872 1.85708 2.11117 46.9006 	Outputs:0 0 0 13.7 
Time , 13:56:20,  [Data], 	Inputs:100.872 1.85708 2.11117 46.9006 	Outputs:0 0 0 13.7 
Time , 13:56:22,  [Data], 	Inputs:100.872 1.85708 2.11117 46.9006 	Outputs:0 0 0 13.7 
Time , 13:56:24,  [Data], 	Inputs:100.872 1.85708 2.11117 46.9006 	Outputs:0 0 0 13.7 
Time , 13:56:26,  [Data], 	Inputs:100.872 1.85708 2.11117 46.9006 	Outputs:0 0 0 13.7 
Time , 13:56:28,  [Data], 	Inputs:100.872 1.85708 2.11117 46.9006 	Outputs:0 0 0 13.7 
Time , 13:56:30,  [Data], 	Inputs:100.872 1.85708 2.11117 46.9006 	Outputs:0 0 0 13.7 
Time , 13:56:32,  [Data], 	Inputs:100.872 1.85708 2.11117 46.9006 	Outputs:0 0 0 13.7 
Time , 13:56:34,  [Data], 	Inputs:100.872 1.85708 2.11117 46.9006 	Outputs:0 0 0 13.7 
Time , 13:56:36,  [Data], 	Inputs:100.872 1.85708 2.11117 46.9006 	Outputs:0 0 0 13.7 
Time , 13:56:38,  [Data], 	Inputs:100.872 1.85708 2.11117 46.9006 	Outputs:0 0 0 13.7 
Time , 13:56:40,  [Data], 	Inputs:100.872 1.85708 2.11117 46.9006 	Outputs:0 0 0 13.7 
Time , 13:56:42,  [Data], 	Inputs:100.872 1.85708 2.11117 46.9006 	Outputs:0 0 0 13.7 
Time , 13:56:44,  [Data], 	Inputs:100.872 1.85708 2.11117 46.9006 	Outputs:0 0 0 13.7 
Time , 13:56:46,  [Data], 	Inputs:100.872 1.85708 2.11117 46.9006 	Outputs:0 0 0 13.7 
Time , 13:56:48,  [Data], 	Inputs:100.872 1.85708 2.11117 46.9006 	Outputs:0 0 0 13.7 
Time , 13:56:50,  [Data], 	Inputs:100.872 1.85708 2.11117 46.9006 	Outputs:0 0 0 13.7 
Time , 13:56:52,  [Data], 	Inputs:97.4741 1.84484 2.12835 44.9312 	Outputs:0 0 0 12.2 
Time , 13:56:54,  [Data], 	Inputs:95.7766 1.75815 2.08832 45.021 	Outputs:0 0 0 9.8 
Time , 13:56:56,  [Data], 	Inputs:94.2977 1.6849 2.04836 45.2131 	Outputs:0 0 0 7.4 
Time , 13:56:58,  [Data], 	Inputs:93.8458 1.66135 2.0315 45.3775 	Outputs:0 0 0 5 
Time , 13:57:00,  [Data], 	Inputs:94.1909 1.66748 2.02931 45.5935 	Outputs:0 0 0 2.6 
Time , 13:57:02,  [Data], 	Inputs:95.0535 1.68757 2.03213 45.9449 	Outputs:0 0 0 0.2 
Time , 13:57:04,  [Data], 	Inputs:96.4971 1.72052 2.03454 46.5839 	Outputs:0 0 0 0 
Time , 13:57:06,  [Data], 	Inputs:99.0698 1.75258 2.04749 47.53 	Outputs:0 0 0 0 
Time , 13:57:08,  [Data], 	Inputs:101.418 1.76723 2.05498 48.4925 	Outputs:0 0 0 0 
Time , 13:57:10,  [Data], 	Inputs:103.317 1.77095 2.05659 49.3757 	Outputs:0 0 0 0 
Time , 13:57:12,  [Data], 	Inputs:104.841 1.77049 2.05536 50.1471 	Outputs:0 0 0 0 
Time , 13:57:14,  [Data], 	Inputs:106.103 1.76895 2.05303 50.8197 	Outputs:0 0 0 0 
Time , 13:57:16,  [Data], 	Inputs:107.129 1.76812 2.05086 51.374 	Outputs:0 0 0 0 
Time , 13:57:18,  [Data], 	Inputs:108.016 1.7682 2.04916 51.8491 	Outputs:0 0 0 0 
Time , 13:57:20,  [Data], 	Inputs:108.772 1.78209 2.05122 52.1594 	Outputs:0 0 0 0 
Time , 13:57:22,  [Data], 	Inputs:109.518 1.80213 2.05939 52.3049 	Outputs:0 0 0 0.1 
Time , 13:57:24,  [Data], 	Inputs:110.07 1.80966 2.05974 52.5601 	Outputs:0 0 0 0.3 
Time , 13:57:26,  [Data], 	Inputs:110.216 1.83101 2.0694 52.3749 	Outputs:0 0 0 0.5 
Time , 13:57:28,  [Data], 	Inputs:109.801 1.853 2.08413 51.7951 	Outputs:0 0 0 0.6 
Time , 13:57:30,  [Data], 	Inputs:109.089 1.84794 2.08687 51.3884 	Outputs:0 0 0 0.7 
Time , 13:57:32,  [Data], 	Inputs:108.124 1.82004 2.07924 51.1262 	Outputs:0 0 0 0.7 
Time , 13:57:34,  [Data], 	Inputs:107.25 1.79893 2.071 50.9179 	Outputs:0 0 0 0.7 
Time , 13:57:36,  [Data], 	Inputs:106.485 1.76998 2.05955 50.8436 	Outputs:0 0 0 0.7 
Time , 13:57:38,  [Data], 	Inputs:105.981 1.75569 2.05297 50.7684 	Outputs:0 0 0 0.7 
Time , 13:57:40,  [Data], 	Inputs:105.602 1.74662 2.04942 50.6753 	Outputs:0 0 0 0.7 
Time , 13:57:42,  [Data], 	Inputs:105.398 1.74007 2.04654 50.6505 	Outputs:0 0 0 0.7 
Time , 13:57:44,  [Data], 	Inputs:105.221 1.73869 2.04631 50.5701 	Outputs:0 0 0 0.7 
Time , 13:57:46,  [Data], 	Inputs:105.114 1.73723 2.04564 50.5351 	Outputs:0 0 0 0.7 
Time , 13:57:48,  [Data], 	Inputs:105.053 1.73753 2.04615 50.4929 	Outputs:0 0 0 0.7 
Time , 13:57:50,  [Data], 	Inputs:104.967 1.73605 2.04536 50.4709 	Outputs:0 0 0 0.7 
Time , 13:57:52,  [Data], 	Inputs:104.966 1.7385 2.04665 50.4374 	Outputs:0 0 0 0.7 
Time , 13:57:54,  [Data], 	Inputs:104.833 1.73883 2.04727 50.357 	Outputs:0 0 0 0.7 
Time , 13:57:56,  [Data], 	Inputs:104.931 1.73923 2.04694 50.4129 	Outputs:0 0 0 0.7 
Time , 13:57:58,  [Data], 	Inputs:104.88 1.73686 2.04638 50.4027 	Outputs:0 0 0 0.7 
Time , 13:58:00,  [Data], 	Inputs:104.808 1.73639 2.04585 50.3808 	Outputs:0 0 0 0.7 
Time , 13:58:02,  [Data], 	Inputs:104.867 1.73945 2.04719 50.3752 	Outputs:0 0 0 0.7 
Time , 13:58:04,  [Data], 	Inputs:104.834 1.73498 2.04579 50.3959 	Outputs:0 0 0 0.7 
Time , 13:58:06,  [Data], 	Inputs:104.728 1.73937 2.04739 50.3023 	Outputs:0 0 0 0.7 
Time , 13:58:08,  [Data], 	Inputs:104.862 1.73891 2.04709 50.3755 	Outputs:0 0 0 0.7 
Time , 13:58:10,  [Data], 	Inputs:104.813 1.73698 2.04653 50.3662 	Outputs:0 0 0 0.7 
Time , 13:58:12,  [Data], 	Inputs:104.746 1.73725 2.04639 50.3367 	Outputs:0 0 0 0.7 
Time , 13:58:14,  [Data], 	Inputs:104.841 1.73992 2.04745 50.3562 	Outputs:0 0 0 0.7 
Time , 13:58:16,  [Data], 	Inputs:104.812 1.73692 2.04658 50.3646 	Outputs:0 0 0 0.7 
Time , 13:58:18,  [Data], 	Inputs:104.739 1.73712 2.04636 50.334 	Outputs:0 0 0 0.7 
Time , 13:58:20,  [Data], 	Inputs:104.835 1.73986 2.04743 50.3536 	Outputs:0 0 0 0.7 
Time , 13:58:22,  [Data], 	Inputs:104.808 1.73695 2.0466 50.362 	Outputs:0 0 0 0.7 
Time , 13:58:24,  [Data], 	Inputs:104.736 1.73722 2.04641 50.3312 	Outputs:0 0 0 0.7 
Time , 13:58:26,  [Data], 	Inputs:104.843 1.73916 2.0472 50.3632 	Outputs:0 0 0 0.7 
Time , 13:58:28,  [Data], 	Inputs:104.8 1.73724 2.04667 50.3561 	Outputs:0 0 0 0.7 
Time , 13:58:30,  [Data], 	Inputs:104.722 1.73755 2.04669 50.3174 	Outputs:0 0 0 0.7 
Time , 13:58:32,  [Data], 	Inputs:104.837 1.73948 2.04728 50.3582 	Outputs:0 0 0 0.7 
Time , 13:58:34,  [Data], 	Inputs:104.803 1.73777 2.04688 50.3523 	Outputs:0 0 0 0.7 
Time , 13:58:36,  [Data], 	Inputs:104.725 1.73815 2.04693 50.3129 	Outputs:0 0 0 0.7 
Time , 13:58:38,  [Data], 	Inputs:104.849 1.7392 2.04723 50.3657 	Outputs:0 0 0 0.7 
Time , 13:58:40,  [Data], 	Inputs:104.8 1.73827 2.04704 50.3467 	Outputs:0 0 0 0.7 
Time , 13:58:42,  [Data], 	Inputs:104.716 1.73865 2.04728 50.2996 	Outputs:0 0 0 0.7 
Time , 13:58:44,  [Data], 	Inputs:104.847 1.73958 2.04734 50.3617 	Outputs:0 0 0 0.7 
Time , 13:58:46,  [Data], 	Inputs:104.806 1.73884 2.04727 50.3435 	Outputs:0 0 0 0.7 
Time , 13:58:48,  [Data], 	Inputs:104.71 1.73905 2.04763 50.2879 	Outputs:0 0 0 0.7 
Time , 13:58:50,  [Data], 	Inputs:104.85 1.73908 2.04715 50.3678 	Outputs:0 0 0 0.7 
Time , 13:58:52,  [Data], 	Inputs:104.802 1.73941 2.04744 50.3373 	Outputs:0 0 0 0.7 
Time , 13:58:54,  [Data], 	Inputs:104.706 1.73966 2.04805 50.2755 	Outputs:0 0 0 0.7 
Time , 13:58:56,  [Data], 	Inputs:104.849 1.73949 2.04728 50.3643 	Outputs:0 0 0 0.7 
Time , 13:58:58,  [Data], 	Inputs:104.83 1.73703 2.04673 50.3696 	Outputs:0 0 0 0.7 
Time , 13:59:00,  [Data], 	Inputs:104.755 1.73672 2.04611 50.3484 	Outputs:0 0 0 0.7 
Time , 13:59:02,  [Data], 	Inputs:104.84 1.73949 2.04733 50.3586 	Outputs:0 0 0 0.7 
Time , 13:59:04,  [Data], 	Inputs:104.803 1.73643 2.0464 50.365 	Outputs:0 0 0 0.7 
Time , 13:59:06,  [Data], 	Inputs:104.747 1.73682 2.04613 50.344 	Outputs:0 0 0 0.7 
Time , 13:59:08,  [Data], 	Inputs:104.837 1.73963 2.04739 50.3555 	Outputs:0 0 0 0.7 
Time , 13:59:10,  [Data], 	Inputs:104.802 1.73658 2.04646 50.3626 	Outputs:0 0 0 0.7 
Time , 13:59:12,  [Data], 	Inputs:104.731 1.73684 2.04627 50.3325 	Outputs:0 0 0 0.7 
Time , 13:59:14,  [Data], 	Inputs:104.828 1.7397 2.04737 50.3517 	Outputs:0 0 0 0.7 
Time , 13:59:16,  [Data], 	Inputs:104.802 1.7369 2.04658 50.3598 	Outputs:0 0 0 0.7 
Time , 13:59:18,  [Data], 	Inputs:104.732 1.73724 2.04643 50.3291 	Outputs:0 0 0 0.7 
Time , 13:59:20,  [Data], 	Inputs:104.84 1.73922 2.04723 50.3613 	Outputs:0 0 0 0.7 
Time , 13:59:22,  [Data], 	Inputs:104.798 1.73732 2.04671 50.3545 	Outputs:0 0 0 0.7 
Time , 13:59:24,  [Data], 	Inputs:104.721 1.73767 2.04674 50.3157 	Outputs:0 0 0 0.7 
Time , 13:59:26,  [Data], 	Inputs:104.837 1.73959 2.04733 50.3569 	Outputs:0 0 0 0.7 
Time , 13:59:28,  [Data], 	Inputs:104.803 1.73787 2.04693 50.3513 	Outputs:0 0 0 0.7 
Time , 13:59:30,  [Data], 	Inputs:104.712 1.73806 2.04706 50.3033 	Outputs:0 0 0 0.7 
Time , 13:59:32,  [Data], 	Inputs:104.841 1.73908 2.04713 50.364 	Outputs:0 0 0 0.7 
Time , 13:59:34,  [Data], 	Inputs:104.8 1.73848 2.04712 50.3448 	Outputs:0 0 0 0.7 
Time , 13:59:36,  [Data], 	Inputs:104.717 1.73894 2.0474 50.2971 	Outputs:0 0 0 0.7 
Time , 13:59:38,  [Data], 	Inputs:104.849 1.73983 2.04745 50.3601 	Outputs:0 0 0 0.7 
Time , 13:59:40,  [Data], 	Inputs:104.808 1.73903 2.04735 50.3424 	Outputs:0 0 0 0.7 
Time , 13:59:42,  [Data], 	Inputs:104.712 1.73924 2.0477 50.2867 	Outputs:0 0 0 0.7 
Time , 13:59:44,  [Data], 	Inputs:104.852 1.73923 2.04722 50.3671 	Outputs:0 0 0 0.7 
Time , 13:59:46,  [Data], 	Inputs:104.804 1.73952 2.04749 50.3369 	Outputs:0 0 0 0.7 
Time , 13:59:48,  [Data], 	Inputs:104.708 1.73976 2.04809 50.275 	Outputs:0 0 0 0.7 
Time , 13:59:50,  [Data], 	Inputs:104.85 1.73957 2.04731 50.3641 	Outputs:0 0 0 0.7 
Time , 13:59:52,  [Data], 	Inputs:104.831 1.73708 2.04676 50.3695 	Outputs:0 0 0 0.7 
Time , 13:59:54,  [Data], 	Inputs:104.756 1.73677 2.04613 50.3483 	Outputs:0 0 0 0.7 
Time , 13:59:56,  [Data], 	Inputs:104.841 1.73952 2.04734 50.3586 	Outputs:0 0 0 0.7 
Time , 13:59:58,  [Data], 	Inputs:104.804 1.73645 2.0464 50.3651 	Outputs:0 0 0 0.7 
Time , 14:00:00,  [Data], 	Inputs:104.748 1.73684 2.04614 50.344 	Outputs:0 0 0 0.7 
Time , 14:00:02,  [Data], 	Inputs:104.837 1.73964 2.04739 50.3555 	Outputs:0 0 0 0.7 
Time , 14:00:04,  [Data], 	Inputs:104.802 1.73659 2.04646 50.3626 	Outputs:0 0 0 0.7 
Time , 14:00:06,  [Data], 	Inputs:104.731 1.73684 2.04627 50.3325 	Outputs:0 0 0 0.7 
Time , 14:00:08,  [Data], 	Inputs:104.828 1.73969 2.04737 50.3518 	Outputs:0 0 0 0.7 
Time , 14:00:10,  [Data], 	Inputs:104.802 1.7369 2.04658 50.3599 	Outputs:0 0 0 0.7 
Time , 14:00:12,  [Data], 	Inputs:104.732 1.73724 2.04643 50.3291 	Outputs:0 0 0 0.7 
Time , 14:00:14,  [Data], 	Inputs:104.84 1.73922 2.04723 50.3614 	Outputs:0 0 0 0.7 
Time , 14:00:16,  [Data], 	Inputs:104.798 1.73732 2.04671 50.3545 	Outputs:0 0 0 0.7 
Time , 14:00:18,  [Data], 	Inputs:104.721 1.73767 2.04674 50.3157 	Outputs:0 0 0 0.7 
Time , 14:00:20,  [Data], 	Inputs:104.837 1.73959 2.04733 50.3569 	Outputs:0 0 0 0.7 
Time , 14:00:22,  [Data], 	Inputs:104.803 1.73787 2.04693 50.3513 	Outputs:0 0 0 0.7 
Time , 14:00:24,  [Data], 	Inputs:104.712 1.73806 2.04706 50.3034 	Outputs:0 0 0 0.7 
Time , 14:00:26,  [Data], 	Inputs:104.841 1.73908 2.04713 50.364 	Outputs:0 0 0 0.7 
Time , 14:00:28,  [Data], 	Inputs:104.8 1.73848 2.04712 50.3448 	Outputs:0 0 0 0.7 
Time , 14:00:30,  [Data], 	Inputs:104.717 1.73893 2.0474 50.2972 	Outputs:0 0 0 0.7 
Time , 14:00:32,  [Data], 	Inputs:104.849 1.73983 2.04745 50.3601 	Outputs:0 0 0 0.7 
Time , 14:00:34,  [Data], 	Inputs:104.808 1.73903 2.04735 50.3424 	Outputs:0 0 0 0.7 
Time , 14:00:36,  [Data], 	Inputs:104.712 1.73924 2.0477 50.2867 	Outputs:0 0 0 0.7 
Time , 14:00:38,  [Data], 	Inputs:104.852 1.73923 2.04721 50.3671 	Outputs:0 0 0 0.7 
Time , 14:00:40,  [Data], 	Inputs:104.804 1.73952 2.04749 50.3369 	Outputs:0 0 0 0.7 
Time , 14:00:42,  [Data], 	Inputs:104.708 1.73976 2.04809 50.275 	Outputs:0 0 0 0.7 
Time , 14:00:44,  [Data], 	Inputs:104.85 1.73957 2.04731 50.3641 	Outputs:0 0 0 0.7 
Time , 14:00:46,  [Data], 	Inputs:104.831 1.73708 2.04676 50.3695 	Outputs:0 0 0 0.7 
Time , 14:00:48,  [Data], 	Inputs:104.756 1.73677 2.04613 50.3483 	Outputs:0 0 0 0.7 
Time , 14:00:50,  [Data], 	Inputs:104.841 1.73952 2.04734 50.3586 	Outputs:0 0 0 0.7 
Time , 14:00:52,  [Data], 	Inputs:104.804 1.73645 2.0464 50.3651 	Outputs:0 0 0 0.7 
Time , 14:00:54,  [Data], 	Inputs:104.748 1.73684 2.04614 50.344 	Outputs:0 0 0 0.7 
Time , 14:00:56,  [Data], 	Inputs:104.837 1.73964 2.04739 50.3555 	Outputs:0 0 0 0.7 
Time , 14:00:58,  [Data], 	Inputs:104.802 1.73659 2.04646 50.3626 	Outputs:0 0 0 0.7 
Time , 14:01:00,  [Data], 	Inputs:104.731 1.73684 2.04627 50.3325 	Outputs:0 0 0 0.7 
Time , 14:01:02,  [Data], 	Inputs:104.828 1.73969 2.04737 50.3518 	Outputs:0 0 0 0.7 
Time , 14:01:04,  [Data], 	Inputs:104.802 1.7369 2.04658 50.3599 	Outputs:0 0 0 0.7 
Time , 14:01:06,  [Data], 	Inputs:104.732 1.73724 2.04643 50.3291 	Outputs:0 0 0 0.7 
Time , 14:01:08,  [Data], 	Inputs:104.84 1.73922 2.04723 50.3614 	Outputs:0 0 0 0.7 
Time , 14:01:10,  [Data], 	Inputs:104.798 1.73732 2.04671 50.3545 	Outputs:0 0 0 0.7 
Time , 14:01:12,  [Data], 	Inputs:104.721 1.73767 2.04674 50.3157 	Outputs:0 0 0 0.7 
Time , 14:01:14,  [Data], 	Inputs:104.837 1.73959 2.04733 50.3569 	Outputs:0 0 0 0.7 
Time , 14:01:16,  [Data], 	Inputs:104.803 1.73787 2.04693 50.3513 	Outputs:0 0 0 0.7 
Time , 14:01:18,  [Data], 	Inputs:104.712 1.73806 2.04706 50.3034 	Outputs:0 0 0 0.7 
Time , 14:01:21,  [Data], 	Inputs:104.841 1.73908 2.04713 50.364 	Outputs:0 0 0 0.7 
Time , 14:01:23,  [Data], 	Inputs:104.8 1.73848 2.04712 50.3448 	Outputs:0 0 0 0.7 
Time , 14:01:25,  [Data], 	Inputs:104.717 1.73893 2.0474 50.2972 	Outputs:0 0 0 0.7 
Time , 14:01:27,  [Data], 	Inputs:104.849 1.73983 2.04745 50.3601 	Outputs:0 0 0 0.7 
Time , 14:01:29,  [Data], 	Inputs:104.808 1.73903 2.04735 50.3424 	Outputs:0 0 0 0.7 
Time , 14:01:30,  [Data], 	Inputs:104.712 1.73924 2.0477 50.2867 	Outputs:0 0 0 0.7 
Time , 14:01:32,  [Data], 	Inputs:104.852 1.73923 2.04721 50.3671 	Outputs:0 0 0 0.7 
Time , 14:01:35,  [Data], 	Inputs:104.804 1.73952 2.04749 50.3369 	Outputs:0 0 0 0.7 
Time , 14:01:36,  [Data], 	Inputs:104.708 1.73976 2.04809 50.275 	Outputs:0 0 0 0.7 
Time , 14:01:38,  [Data], 	Inputs:104.85 1.73957 2.04731 50.3641 	Outputs:0 0 0 0.7 
Time , 14:01:41,  [Data], 	Inputs:104.831 1.73708 2.04676 50.3695 	Outputs:0 0 0 0.7 
Time , 14:01:42,  [Data], 	Inputs:104.756 1.73677 2.04613 50.3483 	Outputs:0 0 0 0.7 
Time , 14:01:44,  [Data], 	Inputs:104.841 1.73952 2.04734 50.3586 	Outputs:0 0 0 0.7 
Time , 14:01:46,  [Data], 	Inputs:104.804 1.73645 2.0464 50.3651 	Outputs:0 0 0 0.7 
Time , 14:01:49,  [Data], 	Inputs:104.748 1.73684 2.04614 50.344 	Outputs:0 0 0 0.7 
Time , 14:01:51,  [Data], 	Inputs:104.837 1.73964 2.04739 50.3555 	Outputs:0 0 0 0.7 
Time , 14:01:52,  [Data], 	Inputs:104.802 1.73659 2.04646 50.3626 	Outputs:0 0 0 0.7 
Time , 14:01:54,  [Data], 	Inputs:104.731 1.73684 2.04627 50.3325 	Outputs:0 0 0 0.7 
Time , 14:01:57,  [Data], 	Inputs:104.828 1.73969 2.04737 50.3518 	Outputs:0 0 0 0.7 
Time , 14:01:59,  [Data], 	Inputs:104.802 1.7369 2.04658 50.3599 	Outputs:0 0 0 0.7 
Time , 14:02:01,  [Data], 	Inputs:104.732 1.73724 2.04643 50.3291 	Outputs:0 0 0 0.7 
Time , 14:02:03,  [Data], 	Inputs:104.84 1.73922 2.04723 50.3614 	Outputs:0 0 0 0.7 
Time , 14:02:05,  [Data], 	Inputs:104.798 1.73732 2.04671 50.3545 	Outputs:0 0 0 0.7 
Time , 14:02:07,  [Data], 	Inputs:104.721 1.73767 2.04674 50.3157 	Outputs:0 0 0 0.7 
Time , 14:02:09,  [Data], 	Inputs:104.837 1.73959 2.04733 50.3569 	Outputs:0 0 0 0.7 
Time , 14:02:11,  [Data], 	Inputs:104.803 1.73787 2.04693 50.3513 	Outputs:0 0 0 0.7 
Time , 14:02:13,  [Data], 	Inputs:104.712 1.73806 2.04706 50.3034 	Outputs:0 0 0 0.7 
Time , 14:02:15,  [Data], 	Inputs:104.841 1.73908 2.04713 50.364 	Outputs:0 0 0 0.7 
Time , 14:02:17,  [Data], 	Inputs:104.8 1.73848 2.04712 50.3448 	Outputs:0 0 0 0.7 
Time , 14:02:19,  [Data], 	Inputs:104.717 1.73893 2.0474 50.2972 	Outputs:0 0 0 0.7 
Time , 14:02:21,  [Data], 	Inputs:104.849 1.73983 2.04745 50.3601 	Outputs:0 0 0 0.7 
Time , 14:02:23,  [Data], 	Inputs:104.808 1.73903 2.04735 50.3424 	Outputs:0 0 0 0.7 
Time , 14:02:25,  [Data], 	Inputs:104.712 1.73924 2.0477 50.2867 	Outputs:0 0 0 0.7 
Time , 14:02:27,  [Data], 	Inputs:104.852 1.73923 2.04721 50.3671 	Outputs:0 0 0 0.7 
Time , 14:02:29,  [Data], 	Inputs:104.804 1.73952 2.04749 50.3369 	Outputs:0 0 0 0.7 
Time , 14:02:31,  [Data], 	Inputs:104.708 1.73976 2.04809 50.275 	Outputs:0 0 0 0.7 
Time , 14:02:33,  [Data], 	Inputs:104.85 1.73957 2.04731 50.3641 	Outputs:0 0 0 0.7 
Time , 14:02:35,  [Data], 	Inputs:104.831 1.73708 2.04676 50.3695 	Outputs:0 0 0 0.7 
Time , 14:02:37,  [Data], 	Inputs:104.756 1.73677 2.04613 50.3483 	Outputs:0 0 0 0.7 
Time , 14:02:39,  [Data], 	Inputs:104.841 1.73952 2.04734 50.3586 	Outputs:0 0 0 0.7 
Time , 14:02:41,  [Data], 	Inputs:80.0775 1.48236 1.86717 42.0932 	Outputs:0 0 0 0 
Time , 14:02:42,  [Data], 	Inputs:78.7322 1.3192 1.79496 43.128 	Outputs:0.5 30.6 0.1 0 
Time , 14:02:44,  [Data], 	Inputs:87.887 0.944948 1.98613 43.7747 	Outputs:1.4 14 0.2 0 
Time , 14:02:47,  [Data], 	Inputs:86.305 1.07768 2.0319 41.9446 	Outputs:2.1 13.5 0.3 0 
Time , 14:02:49,  [Data], 	Inputs:89.2117 1.36728 2.14013 41.0464 	Outputs:2.5 13.5 0.5 0 
Time , 14:02:51,  [Data], 	Inputs:92.4889 1.57169 2.21355 41.073 	Outputs:2.8 13.5 0.7 0 
Time , 14:02:52,  [Data], 	Inputs:97.9689 1.76322 2.27157 42.3521 	Outputs:2.7 0 0.8 0 
Time , 14:02:54,  [Data], 	Inputs:101.899 1.91008 2.30108 43.4531 	Outputs:2.5 0 0.9 0 
Time , 14:02:56,  [Data], 	Inputs:104.824 2.04332 2.32821 44.146 	Outputs:2.3 0 0.9 0 
Time , 14:02:58,  [Data], 	Inputs:108.53 2.09672 2.33084 45.6632 	Outputs:2.2 0 0.9 0 
Time , 14:03:00,  [Data], 	Inputs:113.282 2.14374 2.3253 47.7951 	Outputs:2 0 0.9 0 
Time , 14:03:02,  [Data], 	Inputs:119.794 2.16829 2.31769 50.7511 	Outputs:1.4 0 0.9 0 
Time , 14:03:04,  [Data], 	Inputs:125.909 2.14233 2.30805 53.6238 	Outputs:0.8 0 0.9 0 
Time , 14:03:06,  [Data], 	Inputs:128.803 2.13128 2.30458 54.9652 	Outputs:0.2 0 0.9 0 
Time , 14:03:08,  [Data], 	Inputs:119.945 2.24212 2.32449 50.636 	Outputs:0 0 0.9 0 
Time , 14:03:10,  [Data], 	Inputs:126.882 2.11854 2.26912 54.9832 	Outputs:0 0 0.9 0 
Time , 14:03:12,  [Data], 	Inputs:133.9 1.9969 2.22573 59.2627 	Outputs:0 0 0.8 0 
Time , 14:03:14,  [Data], 	Inputs:131.002 2.04782 2.24431 57.4582 	Outputs:0 0 0.7 0 
Time , 14:03:16,  [Data], 	Inputs:127.148 2.07966 2.23572 55.9408 	Outputs:0 0 0.7 0 
Time , 14:03:18,  [Data], 	Inputs:135.84 1.93335 2.1813 61.3884 	Outputs:0 0 0.6 0 
Time , 14:03:20,  [Data], 	Inputs:127.684 2.08144 2.23374 56.2296 	Outputs:0 0 0.6 0 
Time , 14:03:22,  [Data], 	Inputs:128.42 2.04956 2.20842 57.2221 	Outputs:0 0 0.6 0 
Time , 14:03:24,  [Data], 	Inputs:136.89 1.91364 2.16355 62.3865 	Outputs:0 0 0.5 0 
Time , 14:03:26,  [Data], 	Inputs:123.565 2.13437 2.23377 54.3614 	Outputs:0 0 0.5 0 
Time , 14:03:28,  [Data], 	Inputs:130.502 2.01599 2.18063 58.9216 	Outputs:0 0 0.4 0 
Time , 14:03:30,  [Data], 	Inputs:131.048 2.02438 2.19885 58.6778 	Outputs:0 0 0.3 0 
Time , 14:03:32,  [Data], 	Inputs:125.973 2.09332 2.20526 56.1748 	Outputs:0 0 0.3 0 
Time , 14:03:34,  [Data], 	Inputs:133.781 1.97237 2.15912 61.0474 	Outputs:0 0 0.2 0 
Time , 14:03:36,  [Data], 	Inputs:122.536 2.16511 2.22647 54.0635 	Outputs:0 0 0.2 0 
Time , 14:03:38,  [Data], 	Inputs:127.067 2.08519 2.18753 57.1336 	Outputs:0 0 0.2 0 
Time , 14:03:40,  [Data], 	Inputs:127.682 2.09682 2.20546 56.9431 	Outputs:0 0 0.2 0 
Time , 14:03:42,  [Data], 	Inputs:124.38 2.13878 2.2011 55.5363 	Outputs:0 0 0.2 0 
Time , 14:03:44,  [Data], 	Inputs:131.81 2.03491 2.17966 59.5391 	Outputs:0 0 0.1 0 
Time , 14:03:46,  [Data], 	Inputs:122.563 2.17526 2.20858 54.509 	Outputs:0 0 0.1 0 
Time , 14:03:48,  [Data], 	Inputs:130.742 2.05181 2.17288 59.2255 	Outputs:0 0 0 2.8 
Time , 14:03:50,  [Data], 	Inputs:119.617 2.23563 2.25397 52.0778 	Outputs:0 0 0 5.1 
Time , 14:03:52,  [Data], 	Inputs:118.318 2.06752 2.22067 52.3491 	Outputs:0 0 0 7.4 
Time , 14:03:54,  [Data], 	Inputs:109.466 1.89689 2.21365 48.5937 	Outputs:0 0 0 7.5 
Time , 14:03:56,  [Data], 	Inputs:107.605 1.66988 2.08249 50.8695 	Outputs:0 0 0 7.5 
Time , 14:03:58,  [Data], 	Inputs:93.7063 1.84958 2.23261 41.1431 	Outputs:0 0 0 5.8 
Time , 14:04:00,  [Data], 	Inputs:105.981 1.54753 2.07526 50.3233 	Outputs:0 0 0 5.8 
Time , 14:04:02,  [Data], 	Inputs:91.1799 1.72131 2.1414 41.7757 	Outputs:0 0 0 3.6 
Time , 14:04:04,  [Data], 	Inputs:91.7577 1.77032 2.16322 41.5988 	Outputs:0 0 0 1.5 
Time , 14:04:06,  [Data], 	Inputs:103.203 1.47272 2.02357 50.2724 	Outputs:0 0 0 1.5 
Time , 14:04:08,  [Data], 	Inputs:93.0416 1.64283 2.09623 43.6015 	Outputs:0 0 0 0 
Time , 14:04:10,  [Data], 	Inputs:106.528 1.54401 2.031 51.6909 	Outputs:0.2 0 0 0 
Time , 14:04:12,  [Data], 	Inputs:99.175 1.67895 2.08825 46.688 	Outputs:0.3 0 0.1 0 
Time , 14:04:14,  [Data], 	Inputs:105.742 1.6792 2.06389 50.4206 	Outputs:0.4 0 0.1 0 
Time , 14:04:16,  [Data], 	Inputs:101.309 1.93602 2.15776 46.0539 	Outputs:0.4 0 0.2 0 
Time , 14:04:18,  [Data], 	Inputs:108.619 1.88347 2.10863 50.6181 	Outputs:0.4 0 0.2 0 
Time , 14:04:20,  [Data], 	Inputs:102.586 2.14185 2.21318 45.3843 	Outputs:0.3 0 0.2 0 
Time , 14:04:22,  [Data], 	Inputs:107.831 2.0913 2.16279 48.8905 	Outputs:0.3 0 0.2 0 
Time , 14:04:24,  [Data], 	Inputs:109.319 2.19256 2.20679 48.5442 	Outputs:0.3 0 0.2 0 
Time , 14:04:26,  [Data], 	Inputs:107.745 2.23377 2.20487 47.8537 	Outputs:0.3 0 0.2 0 
Time , 14:04:28,  [Data], 	Inputs:113.914 2.22896 2.19048 50.9868 	Outputs:0.1 0 0.2 0 
Time , 14:04:30,  [Data], 	Inputs:108.541 2.32425 2.22626 47.7108 	Outputs:0 0 0.2 0 
Time , 14:04:32,  [Data], 	Inputs:112.001 2.32386 2.2071 49.6927 	Outputs:0 0 0.2 0 
Time , 14:04:34,  [Data], 	Inputs:114.071 2.30145 2.20534 50.6814 	Outputs:0 0 0.2 0 
Time , 14:04:36,  [Data], 	Inputs:109.72 2.38643 2.21484 48.4611 	Outputs:0 0 0.2 0 
Time , 14:04:38,  [Data], 	Inputs:117.45 2.29141 2.19182 52.5402 	Outputs:0 0 0.2 0 
Time , 14:04:41,  [Data], 	Inputs:110.798 2.39794 2.21081 49.032 	Outputs:0 0 0.2 0 
Time , 14:04:42,  [Data], 	Inputs:117.465 2.33524 2.19641 52.4173 	Outputs:0 0 0.2 0 
Time , 14:04:44,  [Data], 	Inputs:111.544 2.40827 2.20427 49.5111 	Outputs:0 0 0.2 0 
Time , 14:04:46,  [Data], 	Inputs:113.631 2.41373 2.20761 50.3788 	Outputs:0 0 0.2 0 
Time , 14:04:48,  [Data], 	Inputs:112.242 2.44663 2.20561 49.7799 	Outputs:0 0 0.2 0 
Time , 14:04:50,  [Data], 	Inputs:117.64 2.36734 2.18519 52.7516 	Outputs:0 0 0.2 0 
Time , 14:04:52,  [Data], 	Inputs:112.492 2.46587 2.20178 49.9714 	Outputs:0 0 0.2 0 
Time , 14:04:55,  [Data], 	Inputs:111.135 2.48237 2.21769 48.9935 	Outputs:0 0 0.2 0 
Time , 14:04:56,  [Data], 	Inputs:117.851 2.38095 2.1662 53.3055 	Outputs:0 0 0.2 0 
Time , 14:04:58,  [Data], 	Inputs:111.98 2.50375 2.21029 49.5301 	Outputs:0 0 0.2 0 
Time , 14:05:00,  [Data], 	Inputs:113.073 2.50096 2.20904 50.0543 	Outputs:0 0 0.2 0 
Time , 14:05:02,  [Data], 	Inputs:113.804 2.48761 2.18291 50.9944 	Outputs:0 0 0.2 0 
Time , 14:05:04,  [Data], 	Inputs:111.961 2.53411 2.2116 49.4785 	Outputs:0 0 0.2 0 
Time , 14:05:06,  [Data], 	Inputs:120.216 2.41155 2.16289 54.4665 	Outputs:0 0 0.2 0 
Time , 14:05:08,  [Data], 	Inputs:113.023 2.54322 2.19817 50.2599 	Outputs:0 0 0.2 0 
Time , 14:05:10,  [Data], 	Inputs:116.828 2.48992 2.18466 52.3367 	Outputs:0 0 0.2 0 
Time , 14:05:12,  [Data], 	Inputs:114.213 2.52509 2.17452 51.362 	Outputs:0 0 0.2 0 
Time , 14:05:14,  [Data], 	Inputs:112.364 2.56904 2.20306 49.8376 	Outputs:0 0 0.2 0 
Time , 14:05:16,  [Data], 	Inputs:121.368 2.42274 2.15016 55.3193 	Outputs:0 0 0.2 0 
Time , 14:05:18,  [Data], 	Inputs:113.408 2.55594 2.18153 50.8139 	Outputs:0 0 0.2 0 
Time , 14:05:20,  [Data], 	Inputs:111.302 2.6141 2.20794 49.226 	Outputs:0 0 0.2 0 
Time , 14:05:22,  [Data], 	Inputs:116.15 2.52723 2.15894 52.6292 	Outputs:0 0 0.2 0 
Time , 14:05:24,  [Data], 	Inputs:112.698 2.58373 2.18719 50.3452 	Outputs:0 0 0.2 0 
Time , 14:05:27,  [Data], 	Inputs:119.573 2.49955 2.16168 54.1585 	Outputs:0 0 0.2 0 
Time , 14:05:28,  [Data], 	Inputs:114.248 2.58141 2.16892 51.4847 	Outputs:0 0 0.2 0 
Time , 14:05:30,  [Data], 	Inputs:112.576 2.62388 2.1934 50.1286 	Outputs:0 0 0.2 0 
Time , 14:05:33,  [Data], 	Inputs:120.9 2.48674 2.13809 55.3826 	Outputs:0 0 0.2 0 
Time , 14:05:34,  [Data], 	Inputs:113.514 2.60563 2.1729 51.0415 	Outputs:0 0 0.2 0 
Time , 14:05:37,  [Data], 	Inputs:116.239 2.59269 2.1716 52.3331 	Outputs:0 0 0.2 0 
Time , 14:05:38,  [Data], 	Inputs:115.599 2.58207 2.14914 52.5871 	Outputs:0 0 0.2 0 
Time , 14:05:40,  [Data], 	Inputs:112.905 2.62393 2.17504 50.703 	Outputs:0 0 0.2 0 
Time , 14:05:42,  [Data], 	Inputs:119.725 2.53787 2.14877 54.5371 	Outputs:0 0 0.2 0 
Time , 14:05:44,  [Data], 	Inputs:114.387 2.60929 2.15379 51.898 	Outputs:0 0 0.2 0 
Time , 14:05:46,  [Data], 	Inputs:112.536 2.64625 2.1743 50.5401 	Outputs:0 0 0.2 0 
Time , 14:05:48,  [Data], 	Inputs:120.273 2.5321 2.12315 55.4556 	Outputs:0 0 0.2 0 
Time , 14:05:50,  [Data], 	Inputs:113.54 2.63062 2.15921 51.3659 	Outputs:0 0 0.2 0 
Time , 14:05:53,  [Data], 	Inputs:117.092 2.58918 2.14718 53.3273 	Outputs:0 0 0.2 0 
Time , 14:05:55,  [Data], 	Inputs:114.542 2.62281 2.1427 52.2326 	Outputs:0 0 0.2 0 
Time , 14:05:56,  [Data], 	Inputs:112.705 2.64877 2.16241 50.8951 	Outputs:0 0 0.2 0 
Time , 14:05:58,  [Data], 	Inputs:120.799 2.53207 2.11237 55.9878 	Outputs:0 0 0.2 0 
Time , 14:06:01,  [Data], 	Inputs:113.571 2.64599 2.14881 51.6215 	Outputs:0 0 0.2 0 
Time , 14:06:03,  [Data], 	Inputs:114.793 2.63753 2.1488 52.1945 	Outputs:0 0 0.2 0 
Time , 14:06:05,  [Data], 	Inputs:114.831 2.63449 2.13095 52.6509 	Outputs:0 0 0.2 0 
Time , 14:06:07,  [Data], 	Inputs:112.727 2.66554 2.15389 51.0986 	Outputs:0 0 0.2 0 
Time , 14:06:08,  [Data], 	Inputs:121.403 2.52483 2.1014 56.571 	Outputs:0 0 0.2 0 
Time , 14:06:10,  [Data], 	Inputs:113.584 2.65651 2.13778 51.8888 	Outputs:0 0 0.2 0 
Time , 14:06:13,  [Data], 	Inputs:112.67 2.68259 2.15041 51.1471 	Outputs:0 0 0.2 0 
Time , 14:06:14,  [Data], 	Inputs:115.505 2.62331 2.11376 53.4032 	Outputs:0 0 0.2 0 
Time , 14:06:17,  [Data], 	Inputs:112.663 2.67242 2.14276 51.3314 	Outputs:0 0 0.2 0 
Time , 14:06:18,  [Data], 	Inputs:118.95 2.57931 2.11232 55.0915 	Outputs:0 0 0.2 0 
Time , 14:06:20,  [Data], 	Inputs:113.946 2.65908 2.12135 52.4603 	Outputs:0 0 0.2 0 
Time , 14:06:22,  [Data], 	Inputs:112.447 2.6837 2.1412 51.2627 	Outputs:0 0 0.2 0 
Time , 14:06:24,  [Data], 	Inputs:119.845 2.55992 2.08829 56.1633 	Outputs:0 0 0.2 0 
Time , 14:06:26,  [Data], 	Inputs:113.067 2.67547 2.12785 51.8792 	Outputs:0 0 0.2 0 
Time , 14:06:29,  [Data], 	Inputs:116.428 2.63222 2.11592 53.7807 	Outputs:0 0 0.2 0 
Time , 14:06:31,  [Data], 	Inputs:114.183 2.65539 2.10855 52.8931 	Outputs:0 0 0.2 0 
Time , 14:06:32,  [Data], 	Inputs:112.275 2.69074 2.1324 51.39 	Outputs:0 0 0.2 0 
Time , 14:06:35,  [Data], 	Inputs:120.301 2.55666 2.08102 56.58 	Outputs:0 0 0.2 0 
Time , 14:06:37,  [Data], 	Inputs:112.956 2.68105 2.11761 52.0753 	Outputs:0 0 0.2 0 
Time , 14:06:39,  [Data], 	Inputs:114.009 2.6813 2.12034 52.5047 	Outputs:0 0 0.2 0 
Time , 14:06:41,  [Data], 	Inputs:114.586 2.65348 2.09763 53.3612 	Outputs:0 0 0.2 0 
Time , 14:06:43,  [Data], 	Inputs:112.165 2.70032 2.12467 51.5208 	Outputs:0 0 0.2 0 
Time , 14:06:44,  [Data], 	Inputs:120.555 2.56089 2.07415 56.888 	Outputs:0 0 0.2 0 
Time , 14:06:47,  [Data], 	Inputs:113.02 2.68104 2.10727 52.361 	Outputs:0 0 0.2 0 
Time , 14:06:48,  [Data], 	Inputs:111.931 2.71895 2.12406 51.4169 	Outputs:0 0 0.2 0 
Time , 14:06:50,  [Data], 	Inputs:115.088 2.65117 2.08746 53.8631 	Outputs:0 0 0.2 0 
Time , 14:06:52,  [Data], 	Inputs:112.119 2.69932 2.1142 51.7548 	Outputs:0 0 0.2 0 
Time , 14:06:55,  [Data], 	Inputs:120.489 2.56958 2.07072 56.946 	Outputs:0 0 0.2 0 
Time , 14:06:57,  [Data], 	Inputs:112.931 2.68623 2.09953 52.5093 	Outputs:0 0 0.2 0 
Time , 14:06:59,  [Data], 	Inputs:110.564 2.73789 2.12403 50.7649 	Outputs:0 0 0.2 0 
Time , 14:07:01,  [Data], 	Inputs:115.731 2.64923 2.07836 54.409 	Outputs:0 0 0.2 0 
Time , 14:07:03,  [Data], 	Inputs:112.202 2.69997 2.10612 51.9922 	Outputs:0 0 0.2 0 
Time , 14:07:05,  [Data], 	Inputs:117.213 2.63998 2.08439 54.967 	Outputs:0 0 0.2 0 
Time , 14:07:07,  [Data], 	Inputs:113.787 2.68116 2.08408 53.3119 	Outputs:0 0 0.2 0 
Time , 14:07:09,  [Data], 	Inputs:111.83 2.71142 2.10627 51.8066 	Outputs:0 0 0.2 0 
Time , 14:07:10,  [Data], 	Inputs:119.664 2.5874 2.06021 56.8275 	Outputs:0 0 0.2 0 
Time , 14:07:12,  [Data], 	Inputs:112.62 2.6977 2.09278 52.5245 	Outputs:0 0 0.2 0 
Time , 14:07:15,  [Data], 	Inputs:113.174 2.70714 2.09694 52.6799 	Outputs:0 0 0.2 0 
Time , 14:07:17,  [Data], 	Inputs:114.102 2.68177 2.07717 53.6406 	Outputs:0 0 0.2 0 
Time , 14:07:19,  [Data], 	Inputs:111.807 2.71414 2.10029 51.942 	Outputs:0 0 0.2 0 
Time , 14:07:20,  [Data], 	Inputs:119.612 2.59071 2.05497 56.9457 	Outputs:0 0 0.2 0 
Time , 14:07:23,  [Data], 	Inputs:112.569 2.70507 2.08741 52.6317 	Outputs:0 0 0.2 0 
Time , 14:07:25,  [Data], 	Inputs:111.389 2.73583 2.10156 51.7014 	Outputs:0 0 0.2 0 
Time , 14:07:27,  [Data], 	Inputs:114.593 2.67766 2.06873 54.0987 	Outputs:0 0 0.2 0 
Time , 14:07:29,  [Data], 	Inputs:111.794 2.71918 2.09449 52.0769 	Outputs:0 0 0.2 0 
Time , 14:07:31,  [Data], 	Inputs:119.528 2.59312 2.0519 56.9886 	Outputs:0 0 0.2 0 
Time , 14:07:33,  [Data], 	Inputs:112.45 2.71074 2.0816 52.7188 	Outputs:0 0 0.2 0 
Time , 14:07:35,  [Data], 	Inputs:111.305 2.73981 2.09656 51.7823 	Outputs:0 0 0.2 0 
Time , 14:07:37,  [Data], 	Inputs:114.566 2.67893 2.06315 54.2311 	Outputs:0 0 0.2 0 
Time , 14:07:38,  [Data], 	Inputs:111.699 2.72364 2.08977 52.1471 	Outputs:0 0 0.2 0 
Time , 14:07:41,  [Data], 	Inputs:117.06 2.64517 2.06252 55.4734 	Outputs:0 0 0.2 0 
Time , 14:07:43,  [Data], 	Inputs:113.167 2.70241 2.07264 53.2964 	Outputs:0 0 0.2 0 
Time , 14:07:45,  [Data], 	Inputs:111.311 2.73059 2.09211 51.9 	Outputs:0 0 0.2 0 
Time , 14:07:47,  [Data], 	Inputs:118.021 2.61795 2.04761 56.36 	Outputs:0 0 0.2 0 
Time , 14:07:48,  [Data], 	Inputs:112.097 2.71529 2.0831 52.5089 	Outputs:0 0 0.2 0 
Time , 14:07:51,  [Data], 	Inputs:114.515 2.68801 2.07339 53.9343 	Outputs:0 0 0.2 0 
Time , 14:07:53,  [Data], 	Inputs:113.295 2.69975 2.07071 53.4092 	Outputs:0 0 0.2 0 
Time , 14:07:55,  [Data], 	Inputs:111.186 2.73211 2.0925 51.8296 	Outputs:0 0 0.2 0 
Time , 14:07:57,  [Data], 	Inputs:117.744 2.62221 2.04706 56.2375 	Outputs:0 0 0.2 0 
Time , 14:07:59,  [Data], 	Inputs:112.057 2.71607 2.0828 52.4969 	Outputs:0 0 0.2 0 
Time , 14:08:01,  [Data], 	Inputs:114.391 2.69045 2.07329 53.876 	Outputs:0 0 0.2 0 
Time , 14:08:03,  [Data], 	Inputs:113.239 2.69943 2.06997 53.4019 	Outputs:0 0 0.2 0 
Time , 14:08:05,  [Data], 	Inputs:110.935 2.73505 2.09344 51.685 	Outputs:0 0 0.2 0 
Time , 14:08:07,  [Data], 	Inputs:117.27 2.6293 2.04781 55.982 	Outputs:0 0 0.2 0 
Time , 14:08:09,  [Data], 	Inputs:111.984 2.7171 2.08273 52.4633 	Outputs:0 0 0.2 0 
Time , 14:08:11,  [Data], 	Inputs:114.211 2.69331 2.07363 53.7791 	Outputs:0 0 0.2 0 
Time , 14:08:13,  [Data], 	Inputs:113.183 2.69832 2.06937 53.3905 	Outputs:0 0 0.2 0 
Time , 14:08:15,  [Data], 	Inputs:110.909 2.73649 2.09307 51.6812 	Outputs:0 0 0.2 0 
Time , 14:08:17,  [Data], 	Inputs:117.141 2.63079 2.04817 55.9086 	Outputs:0 0 0.2 0 
Time , 14:08:19,  [Data], 	Inputs:111.918 2.71789 2.08204 52.4484 	Outputs:0 0 0.2 0 
Time , 14:08:21,  [Data], 	Inputs:114.119 2.69601 2.07371 53.7312 	Outputs:0 0 0.2 0 
Time , 14:08:23,  [Data], 	Inputs:113.199 2.69735 2.06885 53.4119 	Outputs:0 0 0.2 0 
Time , 14:08:25,  [Data], 	Inputs:110.585 2.74102 2.09473 51.4837 	Outputs:0 0 0.2 0 
Time , 14:08:27,  [Data], 	Inputs:116.819 2.63574 2.04802 55.753 	Outputs:0 0 0.2 0 
Time , 14:08:29,  [Data], 	Inputs:111.88 2.71715 2.08135 52.4479 	Outputs:0 0 0.2 0 
Time , 14:08:31,  [Data], 	Inputs:114.009 2.69753 2.07361 53.68 	Outputs:0 0 0.2 0 
Time , 14:08:33,  [Data], 	Inputs:113.179 2.69679 2.06849 53.4122 	Outputs:0 0 0.2 0 
Time , 14:08:35,  [Data], 	Inputs:110.308 2.74676 2.09614 51.3141 	Outputs:0 0 0.2 0 
Time , 14:08:37,  [Data], 	Inputs:116.306 2.64455 2.04981 55.4499 	Outputs:0 0 0.2 0 
Time , 14:08:39,  [Data], 	Inputs:111.87 2.71385 2.08035 52.4701 	Outputs:0 0 0.2 0 
Time , 14:08:41,  [Data], 	Inputs:116.206 2.6592 2.05905 55.1453 	Outputs:0 0 0.2 0 
Time , 14:08:43,  [Data], 	Inputs:113.501 2.6866 2.06278 53.7208 	Outputs:0 0 0.2 0 
Time , 14:08:45,  [Data], 	Inputs:111.433 2.72504 2.08537 52.129 	Outputs:0 0 0.2 0 
Time , 14:08:47,  [Data], 	Inputs:118.646 2.60347 2.04146 56.8431 	Outputs:0 0 0.2 0 
Time , 14:08:49,  [Data], 	Inputs:112.208 2.70751 2.07527 52.7645 	Outputs:0 0 0.2 0 
Time , 14:08:51,  [Data], 	Inputs:114.464 2.68826 2.06812 54.0472 	Outputs:0 0 0.2 0 
Time , 14:08:53,  [Data], 	Inputs:113.413 2.68946 2.06412 53.6417 	Outputs:0 0 0.2 0 
Time , 14:08:55,  [Data], 	Inputs:111.088 2.72973 2.08724 51.9149 	Outputs:0 0 0.2 0 
Time , 14:08:57,  [Data], 	Inputs:117.598 2.62175 2.04393 56.2525 	Outputs:0 0 0.2 0 
Time , 14:08:59,  [Data], 	Inputs:112.022 2.70962 2.07705 52.6286 	Outputs:0 0 0.2 0 
Time , 14:09:01,  [Data], 	Inputs:114.052 2.69547 2.07061 53.7797 	Outputs:0 0 0.2 0 
Time , 14:09:03,  [Data], 	Inputs:113.221 2.6951 2.06622 53.4916 	Outputs:0 0 0.2 0 
Time , 14:09:05,  [Data], 	Inputs:110.876 2.73166 2.08859 51.7786 	Outputs:0 0 0.2 0 
Time , 14:09:07,  [Data], 	Inputs:116.974 2.63288 2.04648 55.8722 	Outputs:0 0 0.2 0 
Time , 14:09:09,  [Data], 	Inputs:111.931 2.71197 2.0781 52.5572 	Outputs:0 0 0.2 0 
Time , 14:09:11,  [Data], 	Inputs:113.834 2.69965 2.07176 53.6422 	Outputs:0 0 0.2 0 
Time , 14:09:13,  [Data], 	Inputs:113.125 2.69843 2.06727 53.4166 	Outputs:0 0 0.2 0 
Time , 14:09:15,  [Data], 	Inputs:110.311 2.7434 2.09316 51.3899 	Outputs:0 0 0.2 0 
Time , 14:09:17,  [Data], 	Inputs:116.183 2.6475 2.04924 55.4034 	Outputs:0 0 0.2 0 
Time , 14:09:19,  [Data], 	Inputs:111.851 2.71426 2.07906 52.4935 	Outputs:0 0 0.2 0 
Time , 14:09:21,  [Data], 	Inputs:115.961 2.66394 2.05818 55.0473 	Outputs:0 0 0.2 0 
Time , 14:09:23,  [Data], 	Inputs:113.448 2.69042 2.06217 53.709 	Outputs:0 0 0.2 0 
Time , 14:09:25,  [Data], 	Inputs:111.507 2.72163 2.08264 52.2345 	Outputs:0 0 0.2 0 
Time , 14:09:27,  [Data], 	Inputs:118.245 2.61054 2.04105 56.6545 	Outputs:0 0 0.2 0 
Time , 14:09:29,  [Data], 	Inputs:112.121 2.70858 2.07482 52.7334 	Outputs:0 0 0.2 0 
Time , 14:09:31,  [Data], 	Inputs:114.164 2.69208 2.06748 53.9171 	Outputs:0 0 0.2 0 
Time , 14:09:33,  [Data], 	Inputs:107.393 2.73667 2.05295 50.9784 	Outputs:0 0 0.2 0 
Time , 14:09:35,  [Data], 	Inputs:102.601 2.73704 2.05328 48.6366 	Outputs:0 0 0.2 0 
Time , 14:09:37,  [Data], 	Inputs:108.275 2.62762 2.01239 52.4985 	Outputs:0 0 0.2 0 
Time , 14:09:39,  [Data], 	Inputs:103.924 2.68601 2.03493 49.7499 	Outputs:0 0 0.2 0 
Time , 14:09:41,  [Data], 	Inputs:106.794 2.64343 2.0197 51.5672 	Outputs:0 0 0.2 0 
Time , 14:09:43,  [Data], 	Inputs:106.181 2.63518 2.01432 51.4046 	Outputs:0 0 0.2 0 
Time , 14:09:45,  [Data], 	Inputs:103.094 2.68043 2.03402 49.3672 	Outputs:0 0 0.2 0 
Time , 14:09:47,  [Data], 	Inputs:109.596 2.57049 1.99586 53.6239 	Outputs:0 0 0.2 0 
Time , 14:09:49,  [Data], 	Inputs:104.06 2.65975 2.02509 50.0721 	Outputs:0 0 0.2 0 
Time , 14:09:51,  [Data], 	Inputs:104.894 2.65562 2.02402 50.5124 	Outputs:0 0 0.2 0 
Time , 14:09:53,  [Data], 	Inputs:105.576 2.63368 2.01449 51.101 	Outputs:0 0 0.2 0 
Time , 14:09:55,  [Data], 	Inputs:102.7 2.67785 2.0337 49.1825 	Outputs:0 0 0.2 0 
Time , 14:09:57,  [Data], 	Inputs:108.643 2.58042 1.99755 53.0963 	Outputs:0 0 0.2 0 
Time , 14:09:59,  [Data], 	Inputs:103.633 2.6635 2.02676 49.8182 	Outputs:0 0 0.2 0 
Time , 14:10:01,  [Data], 	Inputs:104.889 2.5989 1.99421 51.2937 	Outputs:0 0 0.2 0 
Time , 14:10:03,  [Data], 	Inputs:103.539 2.54203 1.96267 51.4589 	Outputs:0 0 0.2 0 
Time , 14:10:05,  [Data], 	Inputs:100.105 2.60268 1.98815 49.0418 	Outputs:0 0 0.2 0 
Time , 14:10:07,  [Data], 	Inputs:104.95 2.52042 1.95572 52.3743 	Outputs:0 0 0.2 0 
Time , 14:10:09,  [Data], 	Inputs:101.298 2.5855 1.98012 49.8519 	Outputs:0 0 0.2 0 
Time , 14:10:11,  [Data], 	Inputs:106.365 2.49663 1.94893 53.2952 	Outputs:0 0 0.2 0 
Time , 14:10:13,  [Data], 	Inputs:101.968 2.57613 1.97538 50.3154 	Outputs:0 0 0.2 0 
Time , 14:10:15,  [Data], 	Inputs:101.952 2.5856 1.97755 50.2472 	Outputs:0 0 0.2 0 
Time , 14:10:17,  [Data], 	Inputs:103.047 2.55927 1.96879 51.0403 	Outputs:0 0 0.2 0 
Time , 14:10:19,  [Data], 	Inputs:101.206 2.60023 1.98248 49.739 	Outputs:0 0 0.2 0 
Time , 14:10:21,  [Data], 	Inputs:102.247 2.47865 1.92499 51.8282 	Outputs:0 0 0.2 0 
Time , 14:10:23,  [Data], 	Inputs:97.6229 2.45002 1.88884 50.3868 	Outputs:0 1.4 0.2 0 
Time , 14:10:25,  [Data], 	Inputs:98.972 2.42044 1.88018 51.3522 	Outputs:0 2 0.2 0 
Time , 14:10:27,  [Data], 	Inputs:106.135 2.43328 2.02506 51.2092 	Outputs:0 0 0.2 0 
Time , 14:10:29,  [Data], 	Inputs:106.23 2.72481 2.06194 50.1979 	Outputs:0 0 0.2 0 
Time , 14:10:31,  [Data], 	Inputs:104.312 2.7604 2.07379 48.9693 	Outputs:0 0 0.2 0 
Time , 14:10:33,  [Data], 	Inputs:110.545 2.6564 2.02985 53.1512 	Outputs:0 0 0.2 0 
Time , 14:10:35,  [Data], 	Inputs:105.195 2.73932 2.05684 49.8121 	Outputs:0 0 0.2 0 
Time , 14:10:37,  [Data], 	Inputs:106.279 2.72877 2.05356 50.4247 	Outputs:0 0 0.2 0 
Time , 14:10:39,  [Data], 	Inputs:106.652 2.70449 2.04181 50.9095 	Outputs:0 0 0.2 0 
Time , 14:10:41,  [Data], 	Inputs:103.658 2.74739 2.05944 48.9992 	Outputs:0 0 0.2 0 
Time , 14:10:43,  [Data], 	Inputs:109.891 2.63895 2.01934 53.1122 	Outputs:0 0 0.2 0 
Time , 14:10:45,  [Data], 	Inputs:104.737 2.7189 2.04639 49.8526 	Outputs:0 0 0.2 0 
Time , 14:10:47,  [Data], 	Inputs:105.601 2.71201 2.04402 50.3365 	Outputs:0 0 0.2 0 
Time , 14:10:49,  [Data], 	Inputs:106.113 2.6874 2.03246 50.8871 	Outputs:0 0 0.2 0 
Time , 14:10:51,  [Data], 	Inputs:102.738 2.73602 2.05238 48.7247 	Outputs:0 0 0.2 0 
Time , 14:10:53,  [Data], 	Inputs:108.729 2.63272 2.01284 52.7096 	Outputs:0 0 0.2 0 
Time , 14:10:55,  [Data], 	Inputs:102.528 2.64394 2.00376 49.8483 	Outputs:0 0 0.2 0 
Time , 14:10:57,  [Data], 	Inputs:104.91 2.46916 1.91748 53.4245 	Outputs:0 0 0.2 0 
Time , 14:10:59,  [Data], 	Inputs:96.6147 2.39784 1.84995 50.9295 	Outputs:0 9 0.2 0 
Time , 14:11:01,  [Data], 	Inputs:101.193 2.13864 2.37579 41.6932 	Outputs:0 0 0.3 0 
Time , 14:11:03,  [Data], 	Inputs:110.152 2.27541 2.12661 50.7269 	Outputs:0 0 0.3 0 
Time , 14:11:05,  [Data], 	Inputs:110.515 2.17614 2.06824 52.382 	Outputs:0 0 0.3 0 
Time , 14:11:07,  [Data], 	Inputs:107.457 2.23244 2.07747 50.6503 	Outputs:0 0 0.3 0 
Time , 14:11:09,  [Data], 	Inputs:108.8 2.18087 2.04716 52.0814 	Outputs:0 0 0.3 0 
Time , 14:11:11,  [Data], 	Inputs:106.935 2.19546 2.0461 51.1899 	Outputs:0 0 0.3 0 
Time , 14:11:13,  [Data], 	Inputs:106.488 2.18462 2.03315 51.3013 	Outputs:0 0 0.3 0 
Time , 14:11:15,  [Data], 	Inputs:111.42 2.38977 2.16907 50.2658 	Outputs:0 0 0.3 0 
Time , 14:11:17,  [Data], 	Inputs:118.87 2.40536 2.1924 53.1218 	Outputs:0 0 0.3 0 
Time , 14:11:19,  [Data], 	Inputs:119.03 2.50467 2.24306 51.9493 	Outputs:0 0 0.3 0 
Time , 14:11:21,  [Data], 	Inputs:117.739 2.50731 2.22985 51.6771 	Outputs:0 0 0.3 0 
Time , 14:11:23,  [Data], 	Inputs:119.82 2.48151 2.22568 52.7203 	Outputs:0 0 0.3 0 
Time , 14:11:25,  [Data], 	Inputs:116.163 2.51992 2.22287 51.1244 	Outputs:0 0 0.3 0 
Time , 14:11:27,  [Data], 	Inputs:121.34 2.44524 2.20071 54.0256 	Outputs:0 0 0.3 0 
Time , 14:11:29,  [Data], 	Inputs:115.904 2.51523 2.2073 51.3698 	Outputs:0 0 0.3 0 
Time , 14:11:31,  [Data], 	Inputs:116.201 2.5144 2.20943 51.4553 	Outputs:0 0 0.3 0 
Time , 14:11:33,  [Data], 	Inputs:115.982 2.52494 2.20082 51.5522 	Outputs:0 0 0.3 0 
Time , 14:11:35,  [Data], 	Inputs:118.324 2.53631 2.20212 52.5798 	Outputs:0 0 0.3 0 
Time , 14:11:37,  [Data], 	Inputs:117.264 2.59782 2.22752 51.4769 	Outputs:0 0 0.3 0 
Time , 14:11:39,  [Data], 	Inputs:118.233 2.56758 2.20338 52.4948 	Outputs:0 0 0.3 0 
Time , 14:11:41,  [Data], 	Inputs:118.629 2.58222 2.21292 52.4408 	Outputs:0 0 0.3 0 
Time , 14:11:43,  [Data], 	Inputs:118.037 2.57606 2.19457 52.6121 	Outputs:0 0 0.3 0 
Time , 14:11:45,  [Data], 	Inputs:113.398 2.66565 2.2234 49.803 	Outputs:0 0 0.3 0 
Time , 14:11:47,  [Data], 	Inputs:119.519 2.53647 2.21069 52.9167 	Outputs:0 0 0.3 0 
Time , 14:11:49,  [Data], 	Inputs:121.394 2.50722 2.24353 52.9907 	Outputs:0 0 0.3 0 
Time , 14:11:51,  [Data], 	Inputs:119.194 2.50877 2.25846 51.666 	Outputs:0 0 0.3 0 
Time , 14:11:53,  [Data], 	Inputs:123.964 2.42992 2.2688 53.5674 	Outputs:0 0 0.3 0 
Time , 14:11:55,  [Data], 	Inputs:118.652 2.49013 2.29539 50.6067 	Outputs:0 0 0.3 0 
Time , 14:11:57,  [Data], 	Inputs:126.693 2.3489 2.26648 54.8623 	Outputs:0 0 0.3 0 
Time , 14:11:59,  [Data], 	Inputs:119.944 2.46377 2.32652 50.4959 	Outputs:0 0 0.3 0 
Time , 14:12:01,  [Data], 	Inputs:122.391 2.39339 2.31164 51.91 	Outputs:0 0 0.3 0 
Time , 14:12:03,  [Data], 	Inputs:124.103 2.37096 2.33041 52.2362 	Outputs:0 0 0.3 0 
Time , 14:12:05,  [Data], 	Inputs:119.866 2.41141 2.34818 50.0195 	Outputs:0 0 0.3 0 
Time , 14:12:07,  [Data], 	Inputs:134.456 2.19614 2.2968 57.5844 	Outputs:0 0 0.2 0 
Time , 14:12:09,  [Data], 	Inputs:133.371 2.25397 2.32608 56.3682 	Outputs:0 0 0.2 0 
Time , 14:12:11,  [Data], 	Inputs:127.383 2.3545 2.34392 53.3418 	Outputs:0 0 0.2 0 
Time , 14:12:13,  [Data], 	Inputs:136.447 2.22271 2.30111 58.3302 	Outputs:0 0 0.1 0 
Time , 14:12:15,  [Data], 	Inputs:124.13 2.42348 2.37159 51.3186 	Outputs:0 0 0.1 0 
Time , 14:12:17,  [Data], 	Inputs:130.243 2.34426 2.32941 54.9063 	Outputs:0 0 0.1 0 
Time , 14:12:19,  [Data], 	Inputs:132.246 2.33082 2.33982 55.5235 	Outputs:0 0 0.1 0 
Time , 14:12:21,  [Data], 	Inputs:125.644 2.43249 2.357 52.2745 	Outputs:0 0 0.1 0 
Time , 14:12:23,  [Data], 	Inputs:133.964 2.30372 2.32267 56.6848 	Outputs:0 0 0.1 0 
Time , 14:12:25,  [Data], 	Inputs:123.089 2.48049 2.37659 50.7483 	Outputs:0 0 0.1 0 
Time , 14:12:27,  [Data], 	Inputs:127.922 2.4144 2.34227 53.5837 	Outputs:0 0 0.1 0 
Time , 14:12:29,  [Data], 	Inputs:131.83 2.36535 2.33854 55.3615 	Outputs:0 0 0.1 0 
Time , 14:12:31,  [Data], 	Inputs:124.031 2.48639 2.36261 51.4449 	Outputs:0 0 0.1 0 
Time , 14:12:33,  [Data], 	Inputs:132.723 2.3492 2.32078 56.1765 	Outputs:0 0 0.1 0 
Time , 14:12:35,  [Data], 	Inputs:122.523 2.51444 2.37508 50.5282 	Outputs:0 0 0.1 0 
Time , 14:12:37,  [Data], 	Inputs:127.773 2.44073 2.33464 53.6838 	Outputs:0 0 0.1 0 
Time , 14:12:39,  [Data], 	Inputs:128.529 2.44159 2.34819 53.6955 	Outputs:0 0 0.1 0 
Time , 14:12:41,  [Data], 	Inputs:122.991 2.52579 2.362 51.0016 	Outputs:0 0 0.1 0 
Time , 14:12:43,  [Data], 	Inputs:128.722 2.43483 2.33825 54.009 	Outputs:0 0 0.1 0 
Time , 14:12:45,  [Data], 	Inputs:125.325 2.51168 2.35923 52.0567 	Outputs:0 0 0.1 0 
Time , 14:12:47,  [Data], 	Inputs:122.887 2.53954 2.35581 51.0853 	Outputs:0 0 0.1 0 
Time , 14:12:49,  [Data], 	Inputs:128.724 2.45688 2.34206 53.9129 	Outputs:0 0 0.1 0 
Time , 14:12:51,  [Data], 	Inputs:122.004 2.56175 2.36086 50.5928 	Outputs:0 0 0.1 0 
Time , 14:12:53,  [Data], 	Inputs:128.147 2.46347 2.32624 54.0289 	Outputs:0 0 0.1 0 
Time , 14:12:55,  [Data], 	Inputs:120.249 2.60261 2.37825 49.4675 	Outputs:0 0 0.1 0 
Time , 14:12:57,  [Data], 	Inputs:123.207 2.55374 2.34506 51.45 	Outputs:0 0 0.1 0 
Time , 14:12:59,  [Data], 	Inputs:125.566 2.53201 2.35075 52.3381 	Outputs:0 0 0.1 0 
Time , 14:13:01,  [Data], 	Inputs:121.75 2.58444 2.35167 50.6729 	Outputs:0 0 0.1 0 
Time , 14:13:03,  [Data], 	Inputs:128.179 2.48946 2.33235 53.8898 	Outputs:0 0 0.1 0 
Time , 14:13:05,  [Data], 	Inputs:120.972 2.60325 2.35746 50.2104 	Outputs:0 0 0.1 0 
Time , 14:13:07,  [Data], 	Inputs:127.39 2.50764 2.3334 53.5195 	Outputs:0 0 0.1 0 
Time , 14:13:09,  [Data], 	Inputs:120.598 2.61777 2.35987 49.9944 	Outputs:0 0 0.1 0 
Time , 14:13:11,  [Data], 	Inputs:127.726 2.50377 2.31738 54.0361 	Outputs:0 0 0.1 0 
Time , 14:13:13,  [Data], 	Inputs:147.033 2.36472 2.34211 61.7683 	Outputs:0 0 0 2.9 
Time , 14:13:15,  [Data], 	Inputs:140.698 2.50065 2.44651 56.4877 	Outputs:0 0 0 5.4 
Time , 14:13:17,  [Data], 	Inputs:134.535 2.47915 2.55318 51.7223 	Outputs:0 0 0 7.6 
Time , 14:13:19,  [Data], 	Inputs:130.422 1.98409 2.344 54.7941 	Outputs:0 0 0 10 
Time , 14:13:21,  [Data], 	Inputs:118.557 2.13317 2.47166 47.1035 	Outputs:0 0 0 12.3 
Time , 14:13:23,  [Data], 	Inputs:117.497 1.99673 2.38054 48.5184 	Outputs:0 0 0 14.6 
Time , 14:13:25,  [Data], 	Inputs:125.306 1.84385 2.31817 53.2587 	Outputs:0 0 0 16.9 
Time , 14:13:27,  [Data], 	Inputs:114.058 2.20794 2.46272 45.4175 	Outputs:0 0 0 17.5 
Time , 14:13:29,  [Data], 	Inputs:106.368 2.24957 2.53295 41.1057 	Outputs:0 0 0 16.8 
Time , 14:13:31,  [Data], 	Inputs:116.674 1.96182 2.37737 48.2518 	Outputs:0 0 0 19.1 
Time , 14:13:33,  [Data], 	Inputs:105.305 2.27134 2.51308 40.9991 	Outputs:0 0 0 18.3 
Time , 14:13:35,  [Data], 	Inputs:114.307 2.13575 2.45482 45.6946 	Outputs:0 0 0 19 
Time , 14:13:37,  [Data], 	Inputs:107.216 2.25631 2.51787 41.6859 	Outputs:0 0 0 18.3 
Time , 14:13:39,  [Data], 	Inputs:107.524 2.28502 2.53132 41.5747 	Outputs:0 0 0 17.7 
Time , 14:13:41,  [Data], 	Inputs:107.869 2.30078 2.53573 41.6322 	Outputs:0 0 0 17.1 
Time , 14:13:43,  [Data], 	Inputs:107.619 2.32756 2.54595 41.3566 	Outputs:0 0 0 16.7 
Time , 14:13:45,  [Data], 	Inputs:107.864 2.34085 2.54969 41.3866 	Outputs:0 0 0 16.3 
Time , 14:13:47,  [Data], 	Inputs:107.779 2.35478 2.5535 41.286 	Outputs:0 0 0 16 
Time , 14:13:49,  [Data], 	Inputs:100.18 1.94002 2.40214 40.8968 	Outputs:0 0 0 14.8 
Time , 14:13:51,  [Data], 	Inputs:102.758 2.03221 2.39862 41.9932 	Outputs:0 0 0 13.8 
Time , 14:13:53,  [Data], 	Inputs:103.49 2.05285 2.42038 41.9098 	Outputs:0 0 0 12.8 
Time , 14:13:55,  [Data], 	Inputs:103.217 2.0426 2.41274 41.9333 	Outputs:0 0 0 11.8 
Time , 14:13:57,  [Data], 	Inputs:103.176 2.04173 2.40928 41.9771 	Outputs:0 0 0 10.8 
Time , 14:13:59,  [Data], 	Inputs:94.995 1.63959 2.24531 41.5779 	Outputs:0 0 0 8.8 
Time , 14:14:01,  [Data], 	Inputs:97.7618 1.67147 2.22195 43.2459 	Outputs:0 0 0 7.5 
Time , 14:14:03,  [Data], 	Inputs:98.5628 1.70995 2.241 43.2186 	Outputs:0 0 0 6.5 
Time , 14:14:05,  [Data], 	Inputs:99.2195 1.73592 2.25259 43.2762 	Outputs:0 0 0 5.5 
Time , 14:14:07,  [Data], 	Inputs:99.7355 1.75191 2.25832 43.3877 	Outputs:0 0 0 4.6 
Time , 14:14:09,  [Data], 	Inputs:100.213 1.76225 2.26092 43.5446 	Outputs:0 0 0 3.8 
Time , 14:14:11,  [Data], 	Inputs:102.158 1.79379 2.26609 44.2898 	Outputs:0 0 0 3.2 
Time , 14:14:13,  [Data], 	Inputs:102.897 1.81086 2.2745 44.4433 	Outputs:0 0 0 2.7 
Time , 14:14:15,  [Data], 	Inputs:99.1182 1.62072 2.19515 44.415 	Outputs:0 0 0 1.5 
Time , 14:14:17,  [Data], 	Inputs:101.154 1.64903 2.18521 45.5356 	Outputs:0 0 0 0.9 
Time , 14:14:19,  [Data], 	Inputs:102.625 1.68342 2.19919 45.8994 	Outputs:0 0 0 0.6 
Time , 14:14:21,  [Data], 	Inputs:104.055 1.70919 2.20928 46.3255 	Outputs:0 0 0 0.5 
Time , 14:14:23,  [Data], 	Inputs:105.34 1.72375 2.21496 46.7801 	Outputs:0 0 0 0.5 
Time , 14:14:25,  [Data], 	Inputs:106.282 1.72959 2.21658 47.1682 	Outputs:0 0 0 0.5 
Time , 14:14:27,  [Data], 	Inputs:106.889 1.72942 2.215 47.4761 	Outputs:0 0 0 0.5 
Time , 14:14:29,  [Data], 	Inputs:111.198 1.8006 2.22675 49.1287 	Outputs:0 0 0 1 
Time , 14:14:31,  [Data], 	Inputs:112.358 1.85175 2.26317 48.8283 	Outputs:0 0 0 2.1 
Time , 14:14:33,  [Data], 	Inputs:111.662 1.89866 2.28953 47.9413 	Outputs:0 0 0 2.7 
Time , 14:14:35,  [Data], 	Inputs:101.402 1.51396 2.13521 46.7815 	Outputs:0 0 0 2.6 
Time , 14:14:37,  [Data], 	Inputs:102.5 1.50925 2.09567 48.1901 	Outputs:0 0 0 2.7 
Time , 14:14:39,  [Data], 	Inputs:101.963 1.50527 2.09304 47.9962 	Outputs:0 0 0 2.8 
Time , 14:14:41,  [Data], 	Inputs:101.627 1.51534 2.09646 47.7527 	Outputs:0 0 0 2.8 
Time , 14:14:43,  [Data], 	Inputs:101.423 1.52102 2.0981 47.6154 	Outputs:0 0 0 2.8 
Time , 14:14:45,  [Data], 	Inputs:101.26 1.52551 2.09917 47.5114 	Outputs:0 0 0 2.8 
Time , 14:14:47,  [Data], 	Inputs:101.21 1.53038 2.10051 47.4548 	Outputs:0 0 0 2.8 
Time , 14:14:49,  [Data], 	Inputs:101.198 1.53694 2.10302 47.3897 	Outputs:0 0 0 2.8 
Time , 14:14:51,  [Data], 	Inputs:101.245 1.54146 2.10419 47.3831 	Outputs:0 0 0 2.8 
Time , 14:14:53,  [Data], 	Inputs:101.291 1.54511 2.10495 47.3865 	Outputs:0 0 0 2.8 
Time , 14:14:55,  [Data], 	Inputs:101.303 1.54715 2.105 47.3902 	Outputs:0 0 0 2.8 
Time , 14:14:57,  [Data], 	Inputs:101.173 1.54863 2.10548 47.3165 	Outputs:0 0 0 2.8 
Time , 14:14:59,  [Data], 	Inputs:101.248 1.55138 2.10543 47.3522 	Outputs:0 0 0 2.8 
Time , 14:15:01,  [Data], 	Inputs:101.261 1.5528 2.10517 47.3634 	Outputs:0 0 0 2.8 
Time , 14:15:03,  [Data], 	Inputs:101.159 1.55273 2.10509 47.3172 	Outputs:0 0 0 2.8 
Time , 14:15:05,  [Data], 	Inputs:101.211 1.55674 2.10548 47.3312 	Outputs:0 0 0 2.8 
Time , 14:15:07,  [Data], 	Inputs:101.24 1.55652 2.10457 47.3652 	Outputs:0 0 0 2.8 
Time , 14:15:09,  [Data], 	Inputs:101.126 1.55865 2.10517 47.2967 	Outputs:0 0 0 2.8 
Time , 14:15:11,  [Data], 	Inputs:96.2048 1.34859 2.01633 47.044 	Outputs:0 0 0 0.6 
Time , 14:15:13,  [Data], 	Inputs:97.5641 1.37645 1.99792 48.144 	Outputs:0 0 0 0 
Time , 14:15:15,  [Data], 	Inputs:99.9344 1.41425 2.0134 48.9324 	Outputs:0.4 0 0 0 
Time , 14:15:17,  [Data], 	Inputs:102.912 1.46704 2.04041 49.7179 	Outputs:0.7 0 0 0 
Time , 14:15:19,  [Data], 	Inputs:105.628 1.52151 2.06877 50.3227 	Outputs:1 0 0 0 
Time , 14:15:21,  [Data], 	Inputs:108.09 1.58185 2.09876 50.748 	Outputs:1.2 0 0 0 
Time , 14:15:23,  [Data], 	Inputs:110.291 1.6459 2.12915 51.0274 	Outputs:1.3 0 0 0 
Time , 14:15:25,  [Data], 	Inputs:112.21 1.71149 2.15847 51.1929 	Outputs:1.2 0 0 0 
Time , 14:15:27,  [Data], 	Inputs:113.712 1.78604 2.18863 51.1398 	Outputs:1 0 0 0 
Time , 14:15:29,  [Data], 	Inputs:115.139 1.84684 2.21712 51.0986 	Outputs:0.7 0 0 0 
Time , 14:15:31,  [Data], 	Inputs:116.181 1.87058 2.22488 51.3784 	Outputs:0.4 0 0 0 
Time , 14:15:33,  [Data], 	Inputs:116.657 1.9094 2.2414 51.1948 	Outputs:0 0 0 2.3 
Time , 14:15:35,  [Data], 	Inputs:115.191 1.94805 2.27511 49.7747 	Outputs:0 0 0 4.6 
Time , 14:15:37,  [Data], 	Inputs:114.728 2.01709 2.3147 48.6937 	Outputs:0 0 0 6.9 
Time , 14:15:39,  [Data], 	Inputs:109.967 1.94064 2.28786 47.2174 	Outputs:0 0 0 7.1 
Time , 14:15:41,  [Data], 	Inputs:103.409 1.78908 2.2322 45.5246 	Outputs:0 0 0 6.8 
Time , 14:15:43,  [Data], 	Inputs:101.146 1.70383 2.17456 45.7296 	Outputs:0 0 0 6.5 
Time , 14:15:45,  [Data], 	Inputs:100.231 1.67713 2.15483 45.7363 	Outputs:0 0 0 5.7 
Time , 14:15:47,  [Data], 	Inputs:99.9929 1.66727 2.14811 45.7732 	Outputs:0 0 0 4.8 
Time , 14:15:49,  [Data], 	Inputs:100.115 1.67213 2.14709 45.8493 	Outputs:0 0 0 4 
Time , 14:15:51,  [Data], 	Inputs:100.652 1.68985 2.15346 45.9549 	Outputs:0 0 0 3.5 
Time , 14:15:53,  [Data], 	Inputs:101.362 1.7082 2.16193 46.0947 	Outputs:0 0 0 3.3 
Time , 14:15:55,  [Data], 	Inputs:97.0481 1.51256 2.08046 45.9203 	Outputs:0 0 0 0.9 
Time , 14:15:57,  [Data], 	Inputs:98.9136 1.54849 2.06867 47.0665 	Outputs:0 0 0 0.6 
Time , 14:15:59,  [Data], 	Inputs:101.326 1.5936 2.09178 47.678 	Outputs:0 0 0 0.6 
Time , 14:16:01,  [Data], 	Inputs:103.314 1.6173 2.10722 48.2613 	Outputs:0 0 0 0.6 
Time , 14:16:03,  [Data], 	Inputs:104.66 1.62357 2.11281 48.7674 	Outputs:0 0 0 0.6 
Time , 14:16:05,  [Data], 	Inputs:105.55 1.61991 2.11286 49.1891 	Outputs:0 0 0 0.6 
Time , 14:16:07,  [Data], 	Inputs:106.267 1.62275 2.11247 49.5364 	Outputs:0 0 0 0.6 
Time , 14:16:09,  [Data], 	Inputs:106.81 1.62854 2.11623 49.7024 	Outputs:0 0 0 0.6 
Time , 14:16:11,  [Data], 	Inputs:107.133 1.63752 2.1206 49.7482 	Outputs:0 0 0 0.6 
Time , 14:16:13,  [Data], 	Inputs:106.256 1.62873 2.12188 49.3086 	Outputs:0 0 0 0.6 
Time , 14:16:15,  [Data], 	Inputs:107.556 1.63103 2.11309 50.1282 	Outputs:0 0 0 0.6 
Time , 14:16:17,  [Data], 	Inputs:107.915 1.63965 2.11869 50.1608 	Outputs:0 0 0 0.6 
Time , 14:16:19,  [Data], 	Inputs:108.11 1.64252 2.12008 50.2186 	Outputs:0 0 0 0.6 
Time , 14:16:21,  [Data], 	Inputs:108.21 1.64602 2.12116 50.2387 	Outputs:0 0 0 0.6 
Time , 14:16:23,  [Data], 	Inputs:108.315 1.64766 2.1216 50.2766 	Outputs:0 0 0 0.6 
Time , 14:16:25,  [Data], 	Inputs:107.527 1.64133 2.12147 49.9114 	Outputs:0 0 0 0.6 
Time , 14:16:27,  [Data], 	Inputs:107.537 1.63586 2.11731 50.0169 	Outputs:0 0 0 0.6 
Time , 14:16:29,  [Data], 	Inputs:107.54 1.63111 2.11469 50.0822 	Outputs:0 0 0 0.6 
Time , 14:16:31,  [Data], 	Inputs:107.503 1.63002 2.11354 50.0928 	Outputs:0 0 0 0.6 
Time , 14:16:33,  [Data], 	Inputs:107.508 1.62827 2.11238 50.1234 	Outputs:0 0 0 0.6 
Time , 14:16:35,  [Data], 	Inputs:107.502 1.62672 2.11129 50.1472 	Outputs:0 0 0 0.6 
Time , 14:16:37,  [Data], 	Inputs:107.469 1.62848 2.11139 50.1284 	Outputs:0 0 0 0.6 
